2024-04-10 20:27:40.303 [main] INFO  c.g.dbswitch.admin.logback.LogbackAppenderRegister - Success add and initialize appender of logback for class: com.gitee.dbswitch.data.service.MigrationService
2024-04-10 20:27:40.308 [main] INFO  c.g.dbswitch.admin.logback.LogbackAppenderRegister - Success add and initialize appender of logback for class: com.gitee.dbswitch.data.service.DefaultReaderRobot
2024-04-10 20:27:40.309 [main] INFO  c.g.dbswitch.admin.logback.LogbackAppenderRegister - Success add and initialize appender of logback for class: com.gitee.dbswitch.data.handler.ReaderTaskThread
2024-04-10 20:27:40.309 [main] INFO  c.g.dbswitch.admin.logback.LogbackAppenderRegister - Success add and initialize appender of logback for class: com.gitee.dbswitch.data.service.DefaultWriterRobot
2024-04-10 20:27:40.310 [main] INFO  c.g.dbswitch.admin.logback.LogbackAppenderRegister - Success add and initialize appender of logback for class: com.gitee.dbswitch.data.handler.WriterTaskThread
2024-04-10 20:27:40.310 [main] INFO  c.g.dbswitch.admin.logback.LogbackAppenderRegister - Success add and initialize appender of logback for class: com.gitee.dbswitch.common.util.MachineInfoUtils
2024-04-10 20:27:40.333 [main] INFO  com.gitee.dbswitch.admin.AdminApplication - Starting AdminApplication on DESKTOP-DNHP3T4 with PID 2132 (D:\Code\Gitee\IdeaProjects\dbswitch\dbswitch-admin\target\classes started by lizemin in D:\Code\Gitee\IdeaProjects\dbswitch)
2024-04-10 20:27:40.334 [main] INFO  com.gitee.dbswitch.admin.AdminApplication - No active profile set, falling back to default profiles: default
2024-04-10 20:27:46.638 [main] INFO  o.s.d.r.config.RepositoryConfigurationDelegate - Bootstrapping Spring Data JDBC repositories in DEFAULT mode.
2024-04-10 20:27:46.741 [main] INFO  o.s.d.r.config.RepositoryConfigurationDelegate - Finished Spring Data repository scanning in 60ms. Found 0 JDBC repository interfaces.
2024-04-10 20:27:48.740 [main] INFO  o.s.boot.web.embedded.tomcat.TomcatWebServer - Tomcat initialized with port(s): 9088 (http)
2024-04-10 20:27:48.758 [main] INFO  org.apache.coyote.http11.Http11NioProtocol - Initializing ProtocolHandler ["http-nio-9088"]
2024-04-10 20:27:48.759 [main] INFO  org.apache.catalina.core.StandardService - Starting service [Tomcat]
2024-04-10 20:27:48.759 [main] INFO  org.apache.catalina.core.StandardEngine - Starting Servlet engine: [Apache Tomcat/9.0.41]
2024-04-10 20:27:49.391 [main] INFO  o.a.c.core.ContainerBase.[Tomcat].[localhost].[/] - Initializing Spring embedded WebApplicationContext
2024-04-10 20:27:49.391 [main] INFO  o.s.b.w.s.c.ServletWebServerApplicationContext - Root WebApplicationContext: initialization completed in 8922 ms
2024-04-10 20:27:50.048 [main] INFO  com.zaxxer.hikari.HikariDataSource - HikariPool-1 - Starting...
2024-04-10 20:27:57.672 [main] INFO  com.gitee.dbswitch.common.event.TaskEventHub - Create new EventHub: manualRun
2024-04-10 20:27:57.922 [main] INFO  org.quartz.impl.StdSchedulerFactory - Using default implementation for ThreadExecutor
2024-04-10 20:27:57.926 [main] INFO  org.quartz.simpl.SimpleThreadPool - Job execution threads will use class loader of thread: main
2024-04-10 20:27:57.937 [main] INFO  org.quartz.core.SchedulerSignalerImpl - Initialized Scheduler Signaller of type: class org.quartz.core.SchedulerSignalerImpl
2024-04-10 20:27:57.937 [main] INFO  org.quartz.core.QuartzScheduler - Quartz Scheduler v.2.3.2 created.
2024-04-10 20:27:57.944 [main] INFO  com.zaxxer.hikari.HikariDataSource - HikariPool-1 - Starting...
2024-04-10 20:28:03.002 [main] INFO  o.s.scheduling.quartz.LocalDataSourceJobStore - Could not detect database type. Assuming locks can be taken.
2024-04-10 20:28:03.003 [main] INFO  o.s.scheduling.quartz.LocalDataSourceJobStore - Using db table-based data access locking (synchronization).
2024-04-10 20:28:03.020 [main] INFO  o.s.scheduling.quartz.LocalDataSourceJobStore - JobStoreCMT initialized.
2024-04-10 20:28:03.022 [main] INFO  org.quartz.core.QuartzScheduler - Scheduler meta-data: Quartz Scheduler (v2.3.2) 'DBSwitch-Quartz-Scheduler' with instanceId 'DESKTOP-DNHP3T41712752077925'
  Scheduler class: 'org.quartz.core.QuartzScheduler' - running locally.
  NOT STARTED.
  Currently in standby mode.
  Number of jobs executed: 0
  Using thread pool 'org.quartz.simpl.SimpleThreadPool' - with 20 threads.
  Using job-store 'org.springframework.scheduling.quartz.LocalDataSourceJobStore' - which supports persistence. and is clustered.

2024-04-10 20:28:03.022 [main] INFO  org.quartz.impl.StdSchedulerFactory - Quartz scheduler 'DBSwitch-Quartz-Scheduler' initialized from an externally provided properties instance.
2024-04-10 20:28:03.022 [main] INFO  org.quartz.impl.StdSchedulerFactory - Quartz scheduler version: 2.3.2
2024-04-10 20:28:03.023 [main] INFO  org.quartz.core.QuartzScheduler - JobFactory set to: com.gitee.dbswitch.admin.config.QuartzConfig$AutowiringSpringBeanJobFactory@5b322873
2024-04-10 20:28:04.586 [main] INFO  o.s.scheduling.concurrent.ThreadPoolTaskExecutor - Initializing ExecutorService 'readerTaskExecutor'
2024-04-10 20:28:04.588 [main] INFO  o.s.scheduling.concurrent.ThreadPoolTaskExecutor - Initializing ExecutorService 'readerTaskExecutor'
2024-04-10 20:28:04.590 [main] INFO  o.s.scheduling.concurrent.ThreadPoolTaskExecutor - Initializing ExecutorService 'writerTaskExecutor'
2024-04-10 20:28:04.590 [main] INFO  o.s.scheduling.concurrent.ThreadPoolTaskExecutor - Initializing ExecutorService 'writerTaskExecutor'
2024-04-10 20:28:05.142 [main] INFO  c.g.d.p.register.ProductRegisterAutoConfiguration - Register database product now ...
2024-04-10 20:28:05.305 [main] INFO  com.gitee.dbswitch.provider.ProductProviderFactory - Register product KINGBASE by subclass :com.gitee.dbswitch.product.kingbase.KingbaseFactoryProvider 
2024-04-10 20:28:05.354 [main] INFO  com.gitee.dbswitch.provider.ProductProviderFactory - Register product POSTGRESQL by subclass :com.gitee.dbswitch.product.postgresql.PostgresFactoryProvider 
2024-04-10 20:28:05.366 [main] INFO  com.gitee.dbswitch.provider.ProductProviderFactory - Register product MYSQL by subclass :com.gitee.dbswitch.product.mysql.MysqlFactoryProvider 
2024-04-10 20:28:05.424 [main] INFO  com.gitee.dbswitch.provider.ProductProviderFactory - Register product SQLITE3 by subclass :com.gitee.dbswitch.product.sqlite.SqliteFactoryProvider 
2024-04-10 20:28:05.485 [main] INFO  com.gitee.dbswitch.provider.ProductProviderFactory - Register product OPENGAUSS by subclass :com.gitee.dbswitch.product.openguass.OpenGaussFactoryProvider 
2024-04-10 20:28:05.549 [main] INFO  com.gitee.dbswitch.provider.ProductProviderFactory - Register product ORACLE by subclass :com.gitee.dbswitch.product.oracle.OracleFactoryProvider 
2024-04-10 20:28:05.586 [main] INFO  com.gitee.dbswitch.provider.ProductProviderFactory - Register product DM by subclass :com.gitee.dbswitch.product.dm.DmFactoryProvider 
2024-04-10 20:28:05.609 [main] INFO  com.gitee.dbswitch.provider.ProductProviderFactory - Register product SYBASE by subclass :com.gitee.dbswitch.product.sybase.SybaseFactoryProvider 
2024-04-10 20:28:05.642 [main] INFO  com.gitee.dbswitch.provider.ProductProviderFactory - Register product HIGHGO by subclass :com.gitee.dbswitch.product.highgo.HighgoFactoryProvider 
2024-04-10 20:28:05.683 [main] INFO  com.gitee.dbswitch.provider.ProductProviderFactory - Register product HIVE by subclass :com.gitee.dbswitch.product.hive.HiveFactoryProvider 
2024-04-10 20:28:05.713 [main] INFO  com.gitee.dbswitch.provider.ProductProviderFactory - Register product ELASTICSEARCH by subclass :com.gitee.dbswitch.product.elasticsearch.ElasticsearchFactoryProvider 
2024-04-10 20:28:05.735 [main] INFO  com.gitee.dbswitch.provider.ProductProviderFactory - Register product GBASE8A by subclass :com.gitee.dbswitch.product.gbase.GbaseFactoryProvider 
2024-04-10 20:28:05.754 [main] INFO  com.gitee.dbswitch.provider.ProductProviderFactory - Register product MONGODB by subclass :com.gitee.dbswitch.product.mongodb.MongodbFactoryProvider 
2024-04-10 20:28:05.817 [main] INFO  com.gitee.dbswitch.provider.ProductProviderFactory - Register product DB2 by subclass :com.gitee.dbswitch.product.db2.DB2FactoryProvider 
2024-04-10 20:28:05.834 [main] INFO  com.gitee.dbswitch.provider.ProductProviderFactory - Register product MARIADB by subclass :com.gitee.dbswitch.product.mariadb.MariadbFactoryProvider 
2024-04-10 20:28:05.905 [main] INFO  com.gitee.dbswitch.provider.ProductProviderFactory - Register product OSCAR by subclass :com.gitee.dbswitch.product.oscar.OscarFactoryProvider 
2024-04-10 20:28:05.982 [main] INFO  com.gitee.dbswitch.provider.ProductProviderFactory - Register product SQLSERVER by subclass :com.gitee.dbswitch.product.sqlserver.SqlserverFactoryProvider 
2024-04-10 20:28:06.021 [main] INFO  com.gitee.dbswitch.provider.ProductProviderFactory - Register product CLICKHOUSE by subclass :com.gitee.dbswitch.product.clickhouse.ClickhouseFactoryProvider 
2024-04-10 20:28:06.021 [main] INFO  c.g.d.p.register.ProductRegisterAutoConfiguration - Finish to register total 18 database product !
2024-04-10 20:28:06.365 [main] INFO  org.flywaydb.core.internal.license.VersionPrinter - Flyway Community Edition 6.4.4 by Redgate
2024-04-10 20:28:06.393 [main] INFO  com.zaxxer.hikari.HikariDataSource - HikariPool-1 - Starting...
2024-04-10 20:28:11.556 [main] WARN  o.s.b.w.s.c.AnnotationConfigServletWebServerApplicationContext - Exception encountered during context initialization - cancelling refresh attempt: org.springframework.beans.factory.BeanCreationException: Error creating bean with name 'flywayInitializer' defined in class path resource [org/springframework/boot/autoconfigure/flyway/FlywayAutoConfiguration$FlywayConfiguration.class]: Invocation of init method failed; nested exception is org.flywaydb.core.internal.exception.FlywaySqlException: 
Unable to obtain connection from database: Could not create connection to database server. Attempted reconnect 3 times. Giving up.
----------------------------------------------------------------------------------------------------------------------------------
SQL State  : 08001
Error Code : 0
Message    : Could not create connection to database server. Attempted reconnect 3 times. Giving up.

2024-04-10 20:28:11.557 [main] INFO  o.s.scheduling.concurrent.ThreadPoolTaskExecutor - Shutting down ExecutorService 'writerTaskExecutor'
2024-04-10 20:28:11.558 [main] INFO  o.s.scheduling.concurrent.ThreadPoolTaskExecutor - Shutting down ExecutorService 'readerTaskExecutor'
2024-04-10 20:28:11.561 [main] INFO  o.s.scheduling.quartz.SchedulerFactoryBean - Shutting down Quartz Scheduler
2024-04-10 20:28:11.562 [main] INFO  org.quartz.core.QuartzScheduler - Scheduler DBSwitch-Quartz-Scheduler_$_DESKTOP-DNHP3T41712752077925 shutting down.
2024-04-10 20:28:11.562 [main] INFO  org.quartz.core.QuartzScheduler - Scheduler DBSwitch-Quartz-Scheduler_$_DESKTOP-DNHP3T41712752077925 paused.
2024-04-10 20:28:11.562 [main] INFO  org.quartz.core.QuartzScheduler - Scheduler DBSwitch-Quartz-Scheduler_$_DESKTOP-DNHP3T41712752077925 shutdown complete.
2024-04-10 20:28:11.569 [main] INFO  org.apache.catalina.core.StandardService - Stopping service [Tomcat]
2024-04-10 20:28:11.614 [main] INFO  o.s.b.a.l.ConditionEvaluationReportLoggingListener - 

Error starting ApplicationContext. To display the conditions report re-run your application with 'debug' enabled.
2024-04-10 20:29:09.513 [main] INFO  c.g.dbswitch.admin.logback.LogbackAppenderRegister - Success add and initialize appender of logback for class: com.gitee.dbswitch.data.service.MigrationService
2024-04-10 20:29:09.518 [main] INFO  c.g.dbswitch.admin.logback.LogbackAppenderRegister - Success add and initialize appender of logback for class: com.gitee.dbswitch.data.service.DefaultReaderRobot
2024-04-10 20:29:09.518 [main] INFO  c.g.dbswitch.admin.logback.LogbackAppenderRegister - Success add and initialize appender of logback for class: com.gitee.dbswitch.data.handler.ReaderTaskThread
2024-04-10 20:29:09.518 [main] INFO  c.g.dbswitch.admin.logback.LogbackAppenderRegister - Success add and initialize appender of logback for class: com.gitee.dbswitch.data.service.DefaultWriterRobot
2024-04-10 20:29:09.518 [main] INFO  c.g.dbswitch.admin.logback.LogbackAppenderRegister - Success add and initialize appender of logback for class: com.gitee.dbswitch.data.handler.WriterTaskThread
2024-04-10 20:29:09.518 [main] INFO  c.g.dbswitch.admin.logback.LogbackAppenderRegister - Success add and initialize appender of logback for class: com.gitee.dbswitch.common.util.MachineInfoUtils
2024-04-10 20:29:09.523 [main] INFO  com.gitee.dbswitch.admin.AdminApplication - Starting AdminApplication on DESKTOP-DNHP3T4 with PID 25108 (D:\Code\Gitee\IdeaProjects\dbswitch\dbswitch-admin\target\classes started by lizemin in D:\Code\Gitee\IdeaProjects\dbswitch)
2024-04-10 20:29:09.523 [main] INFO  com.gitee.dbswitch.admin.AdminApplication - No active profile set, falling back to default profiles: default
2024-04-10 20:29:10.839 [main] INFO  o.s.d.r.config.RepositoryConfigurationDelegate - Bootstrapping Spring Data JDBC repositories in DEFAULT mode.
2024-04-10 20:29:10.878 [main] INFO  o.s.d.r.config.RepositoryConfigurationDelegate - Finished Spring Data repository scanning in 33ms. Found 0 JDBC repository interfaces.
2024-04-10 20:29:11.893 [main] INFO  o.s.boot.web.embedded.tomcat.TomcatWebServer - Tomcat initialized with port(s): 9088 (http)
2024-04-10 20:29:11.909 [main] INFO  org.apache.coyote.http11.Http11NioProtocol - Initializing ProtocolHandler ["http-nio-9088"]
2024-04-10 20:29:11.909 [main] INFO  org.apache.catalina.core.StandardService - Starting service [Tomcat]
2024-04-10 20:29:11.909 [main] INFO  org.apache.catalina.core.StandardEngine - Starting Servlet engine: [Apache Tomcat/9.0.41]
2024-04-10 20:29:12.037 [main] INFO  o.a.c.core.ContainerBase.[Tomcat].[localhost].[/] - Initializing Spring embedded WebApplicationContext
2024-04-10 20:29:12.037 [main] INFO  o.s.b.w.s.c.ServletWebServerApplicationContext - Root WebApplicationContext: initialization completed in 2441 ms
2024-04-10 20:29:12.339 [main] INFO  com.zaxxer.hikari.HikariDataSource - HikariPool-1 - Starting...
2024-04-10 20:29:18.590 [main] INFO  com.gitee.dbswitch.common.event.TaskEventHub - Create new EventHub: manualRun
2024-04-10 20:29:18.704 [main] INFO  org.quartz.impl.StdSchedulerFactory - Using default implementation for ThreadExecutor
2024-04-10 20:29:18.707 [main] INFO  org.quartz.simpl.SimpleThreadPool - Job execution threads will use class loader of thread: main
2024-04-10 20:29:18.725 [main] INFO  org.quartz.core.SchedulerSignalerImpl - Initialized Scheduler Signaller of type: class org.quartz.core.SchedulerSignalerImpl
2024-04-10 20:29:18.725 [main] INFO  org.quartz.core.QuartzScheduler - Quartz Scheduler v.2.3.2 created.
2024-04-10 20:29:18.735 [main] INFO  com.zaxxer.hikari.HikariDataSource - HikariPool-1 - Starting...
2024-04-10 20:29:18.817 [main] INFO  com.zaxxer.hikari.HikariDataSource - HikariPool-1 - Start completed.
2024-04-10 20:29:18.829 [main] INFO  o.s.scheduling.quartz.LocalDataSourceJobStore - Using db table-based data access locking (synchronization).
2024-04-10 20:29:18.833 [main] INFO  o.s.scheduling.quartz.LocalDataSourceJobStore - JobStoreCMT initialized.
2024-04-10 20:29:18.834 [main] INFO  org.quartz.core.QuartzScheduler - Scheduler meta-data: Quartz Scheduler (v2.3.2) 'DBSwitch-Quartz-Scheduler' with instanceId 'DESKTOP-DNHP3T41712752158706'
  Scheduler class: 'org.quartz.core.QuartzScheduler' - running locally.
  NOT STARTED.
  Currently in standby mode.
  Number of jobs executed: 0
  Using thread pool 'org.quartz.simpl.SimpleThreadPool' - with 20 threads.
  Using job-store 'org.springframework.scheduling.quartz.LocalDataSourceJobStore' - which supports persistence. and is clustered.

2024-04-10 20:29:18.834 [main] INFO  org.quartz.impl.StdSchedulerFactory - Quartz scheduler 'DBSwitch-Quartz-Scheduler' initialized from an externally provided properties instance.
2024-04-10 20:29:18.834 [main] INFO  org.quartz.impl.StdSchedulerFactory - Quartz scheduler version: 2.3.2
2024-04-10 20:29:18.835 [main] INFO  org.quartz.core.QuartzScheduler - JobFactory set to: com.gitee.dbswitch.admin.config.QuartzConfig$AutowiringSpringBeanJobFactory@3e151e1f
2024-04-10 20:29:20.060 [main] INFO  o.s.scheduling.concurrent.ThreadPoolTaskExecutor - Initializing ExecutorService 'readerTaskExecutor'
2024-04-10 20:29:20.062 [main] INFO  o.s.scheduling.concurrent.ThreadPoolTaskExecutor - Initializing ExecutorService 'readerTaskExecutor'
2024-04-10 20:29:20.065 [main] INFO  o.s.scheduling.concurrent.ThreadPoolTaskExecutor - Initializing ExecutorService 'writerTaskExecutor'
2024-04-10 20:29:20.065 [main] INFO  o.s.scheduling.concurrent.ThreadPoolTaskExecutor - Initializing ExecutorService 'writerTaskExecutor'
2024-04-10 20:29:20.522 [main] INFO  c.g.d.p.register.ProductRegisterAutoConfiguration - Register database product now ...
2024-04-10 20:29:20.529 [main] INFO  com.gitee.dbswitch.provider.ProductProviderFactory - Register product KINGBASE by subclass :com.gitee.dbswitch.product.kingbase.KingbaseFactoryProvider 
2024-04-10 20:29:20.531 [main] INFO  com.gitee.dbswitch.provider.ProductProviderFactory - Register product POSTGRESQL by subclass :com.gitee.dbswitch.product.postgresql.PostgresFactoryProvider 
2024-04-10 20:29:20.532 [main] INFO  com.gitee.dbswitch.provider.ProductProviderFactory - Register product MYSQL by subclass :com.gitee.dbswitch.product.mysql.MysqlFactoryProvider 
2024-04-10 20:29:20.533 [main] INFO  com.gitee.dbswitch.provider.ProductProviderFactory - Register product SQLITE3 by subclass :com.gitee.dbswitch.product.sqlite.SqliteFactoryProvider 
2024-04-10 20:29:20.535 [main] INFO  com.gitee.dbswitch.provider.ProductProviderFactory - Register product OPENGAUSS by subclass :com.gitee.dbswitch.product.openguass.OpenGaussFactoryProvider 
2024-04-10 20:29:20.537 [main] INFO  com.gitee.dbswitch.provider.ProductProviderFactory - Register product ORACLE by subclass :com.gitee.dbswitch.product.oracle.OracleFactoryProvider 
2024-04-10 20:29:20.538 [main] INFO  com.gitee.dbswitch.provider.ProductProviderFactory - Register product DM by subclass :com.gitee.dbswitch.product.dm.DmFactoryProvider 
2024-04-10 20:29:20.539 [main] INFO  com.gitee.dbswitch.provider.ProductProviderFactory - Register product SYBASE by subclass :com.gitee.dbswitch.product.sybase.SybaseFactoryProvider 
2024-04-10 20:29:20.540 [main] INFO  com.gitee.dbswitch.provider.ProductProviderFactory - Register product HIGHGO by subclass :com.gitee.dbswitch.product.highgo.HighgoFactoryProvider 
2024-04-10 20:29:20.542 [main] INFO  com.gitee.dbswitch.provider.ProductProviderFactory - Register product HIVE by subclass :com.gitee.dbswitch.product.hive.HiveFactoryProvider 
2024-04-10 20:29:20.544 [main] INFO  com.gitee.dbswitch.provider.ProductProviderFactory - Register product ELASTICSEARCH by subclass :com.gitee.dbswitch.product.elasticsearch.ElasticsearchFactoryProvider 
2024-04-10 20:29:20.546 [main] INFO  com.gitee.dbswitch.provider.ProductProviderFactory - Register product GBASE8A by subclass :com.gitee.dbswitch.product.gbase.GbaseFactoryProvider 
2024-04-10 20:29:20.547 [main] INFO  com.gitee.dbswitch.provider.ProductProviderFactory - Register product MONGODB by subclass :com.gitee.dbswitch.product.mongodb.MongodbFactoryProvider 
2024-04-10 20:29:20.548 [main] INFO  com.gitee.dbswitch.provider.ProductProviderFactory - Register product DB2 by subclass :com.gitee.dbswitch.product.db2.DB2FactoryProvider 
2024-04-10 20:29:20.550 [main] INFO  com.gitee.dbswitch.provider.ProductProviderFactory - Register product MARIADB by subclass :com.gitee.dbswitch.product.mariadb.MariadbFactoryProvider 
2024-04-10 20:29:20.552 [main] INFO  com.gitee.dbswitch.provider.ProductProviderFactory - Register product OSCAR by subclass :com.gitee.dbswitch.product.oscar.OscarFactoryProvider 
2024-04-10 20:29:20.553 [main] INFO  com.gitee.dbswitch.provider.ProductProviderFactory - Register product SQLSERVER by subclass :com.gitee.dbswitch.product.sqlserver.SqlserverFactoryProvider 
2024-04-10 20:29:20.554 [main] INFO  com.gitee.dbswitch.provider.ProductProviderFactory - Register product CLICKHOUSE by subclass :com.gitee.dbswitch.product.clickhouse.ClickhouseFactoryProvider 
2024-04-10 20:29:20.555 [main] INFO  c.g.d.p.register.ProductRegisterAutoConfiguration - Finish to register total 18 database product !
2024-04-10 20:29:20.871 [main] INFO  org.flywaydb.core.internal.license.VersionPrinter - Flyway Community Edition 6.4.4 by Redgate
2024-04-10 20:29:20.981 [main] INFO  o.flywaydb.core.internal.database.DatabaseFactory - Database: jdbc:mysql://127.0.0.1:3306/dbswitch (MySQL 8.0)
2024-04-10 20:29:21.253 [main] INFO  org.flywaydb.core.internal.command.DbValidate - Successfully validated 14 migrations (execution time 00:00.133s)
2024-04-10 20:29:21.282 [main] INFO  org.flywaydb.core.internal.command.DbMigrate - Current version of schema `dbswitch`: 1.0.13
2024-04-10 20:29:21.285 [main] INFO  org.flywaydb.core.internal.command.DbMigrate - Schema `dbswitch` is up to date. No migration necessary.
2024-04-10 20:29:21.597 [main] INFO  o.s.scheduling.concurrent.ThreadPoolTaskScheduler - Initializing ExecutorService 'taskScheduler'
2024-04-10 20:29:21.653 [main] INFO  org.apache.coyote.http11.Http11NioProtocol - Starting ProtocolHandler ["http-nio-9088"]
2024-04-10 20:29:21.691 [main] INFO  o.s.boot.web.embedded.tomcat.TomcatWebServer - Tomcat started on port(s): 9088 (http) with context path ''
2024-04-10 20:29:21.926 [main] WARN  s.d.s.r.operation.OperationImplicitParameterReader - Unable to interpret the implicit parameter configuration with dataType: String, dataTypeClass: class java.lang.Void
2024-04-10 20:29:22.272 [main] INFO  o.s.scheduling.quartz.SchedulerFactoryBean - Starting Quartz Scheduler now
2024-04-10 20:29:22.297 [main] INFO  o.s.scheduling.quartz.LocalDataSourceJobStore - ClusterManager: detected 1 failed or restarted instances.
2024-04-10 20:29:22.297 [main] INFO  o.s.scheduling.quartz.LocalDataSourceJobStore - ClusterManager: Scanning for instance "DESKTOP-DNHP3T41712396295836"'s failed in-progress jobs.
2024-04-10 20:29:22.323 [main] INFO  org.quartz.core.QuartzScheduler - Scheduler DBSwitch-Quartz-Scheduler_$_DESKTOP-DNHP3T41712752158706 started.
2024-04-10 20:29:22.345 [main] INFO  com.gitee.dbswitch.admin.AdminApplication - Started AdminApplication in 13.589 seconds (JVM running for 15.63)
2024-04-10 20:29:22.350 [main] INFO  com.gitee.dbswitch.admin.service.DriverLoadService - Load driver for ClickHouse ,version:clickhouse-0.4.2,path:D:\Code\Gitee\IdeaProjects\dbswitch\drivers\clickhouse\clickhouse-0.4.2
2024-04-10 20:29:22.350 [main] INFO  com.gitee.dbswitch.admin.service.DriverLoadService - Load driver for DB2 ,version:db2-10.1,path:D:\Code\Gitee\IdeaProjects\dbswitch\drivers\db2\db2-10.1
2024-04-10 20:29:22.350 [main] INFO  com.gitee.dbswitch.admin.service.DriverLoadService - Load driver for DM ,version:dm-8,path:D:\Code\Gitee\IdeaProjects\dbswitch\drivers\dm\dm-8
2024-04-10 20:29:22.350 [main] INFO  com.gitee.dbswitch.admin.service.DriverLoadService - Load driver for ElasticSearch ,version:es-7.7.0,path:D:\Code\Gitee\IdeaProjects\dbswitch\drivers\elasticsearch\es-7.7.0
2024-04-10 20:29:22.351 [main] INFO  com.gitee.dbswitch.admin.service.DriverLoadService - Load driver for GBase8A ,version:gbase8a-8.6,path:D:\Code\Gitee\IdeaProjects\dbswitch\drivers\gbase8a\gbase8a-8.6
2024-04-10 20:29:22.351 [main] INFO  com.gitee.dbswitch.admin.service.DriverLoadService - Load driver for GBase8A ,version:gbase8a-9.5,path:D:\Code\Gitee\IdeaProjects\dbswitch\drivers\gbase8a\gbase8a-9.5
2024-04-10 20:29:22.351 [main] INFO  com.gitee.dbswitch.admin.service.DriverLoadService - Load driver for HighGo ,version:highgo-6.2.4,path:D:\Code\Gitee\IdeaProjects\dbswitch\drivers\highgo\highgo-6.2.4
2024-04-10 20:29:22.351 [main] INFO  com.gitee.dbswitch.admin.service.DriverLoadService - Load driver for Hive ,version:hive-3.1.2,path:D:\Code\Gitee\IdeaProjects\dbswitch\drivers\hive\hive-3.1.2
2024-04-10 20:29:22.351 [main] INFO  com.gitee.dbswitch.admin.service.DriverLoadService - Load driver for KingBase ,version:kingbase-v8r3,path:D:\Code\Gitee\IdeaProjects\dbswitch\drivers\kingbase\kingbase-v8r3
2024-04-10 20:29:22.351 [main] INFO  com.gitee.dbswitch.admin.service.DriverLoadService - Load driver for KingBase ,version:kingbase-v8r6,path:D:\Code\Gitee\IdeaProjects\dbswitch\drivers\kingbase\kingbase-v8r6
2024-04-10 20:29:22.351 [main] INFO  com.gitee.dbswitch.admin.service.DriverLoadService - Load driver for MariaDB ,version:mariadb-2.7,path:D:\Code\Gitee\IdeaProjects\dbswitch\drivers\mariadb\mariadb-2.7
2024-04-10 20:29:22.351 [main] INFO  com.gitee.dbswitch.admin.service.DriverLoadService - Load driver for MongoDB ,version:mongo-4.10,path:D:\Code\Gitee\IdeaProjects\dbswitch\drivers\mongodb\mongo-4.10
2024-04-10 20:29:22.352 [main] INFO  com.gitee.dbswitch.admin.service.DriverLoadService - Load driver for MySQL ,version:mysql-5,path:D:\Code\Gitee\IdeaProjects\dbswitch\drivers\mysql\mysql-5
2024-04-10 20:29:22.352 [main] INFO  com.gitee.dbswitch.admin.service.DriverLoadService - Load driver for MySQL ,version:mysql-8,path:D:\Code\Gitee\IdeaProjects\dbswitch\drivers\mysql\mysql-8
2024-04-10 20:29:22.352 [main] INFO  com.gitee.dbswitch.admin.service.DriverLoadService - Load driver for OpenGauss ,version:opengauss-3.0.0,path:D:\Code\Gitee\IdeaProjects\dbswitch\drivers\opengauss\opengauss-3.0.0
2024-04-10 20:29:22.352 [main] INFO  com.gitee.dbswitch.admin.service.DriverLoadService - Load driver for OpenGauss ,version:opengauss-5.0.0,path:D:\Code\Gitee\IdeaProjects\dbswitch\drivers\opengauss\opengauss-5.0.0
2024-04-10 20:29:22.352 [main] INFO  com.gitee.dbswitch.admin.service.DriverLoadService - Load driver for Oracle ,version:oracle-12c,path:D:\Code\Gitee\IdeaProjects\dbswitch\drivers\oracle\oracle-12c
2024-04-10 20:29:22.352 [main] INFO  com.gitee.dbswitch.admin.service.DriverLoadService - Load driver for Oscar ,version:oscar-8,path:D:\Code\Gitee\IdeaProjects\dbswitch\drivers\oscar\oscar-8
2024-04-10 20:29:22.352 [main] INFO  com.gitee.dbswitch.admin.service.DriverLoadService - Load driver for PostgreSql ,version:postgresql-11.4,path:D:\Code\Gitee\IdeaProjects\dbswitch\drivers\postgresql\postgresql-11.4
2024-04-10 20:29:22.352 [main] INFO  com.gitee.dbswitch.admin.service.DriverLoadService - Load driver for Sqlite3 ,version:sqlite-3.31,path:D:\Code\Gitee\IdeaProjects\dbswitch\drivers\sqlite3\sqlite-3.31
2024-04-10 20:29:22.353 [main] INFO  com.gitee.dbswitch.admin.service.DriverLoadService - Load driver for SqlServer ,version:sqlserver-6.4,path:D:\Code\Gitee\IdeaProjects\dbswitch\drivers\sqlserver\sqlserver-6.4
2024-04-10 20:29:22.353 [main] INFO  com.gitee.dbswitch.admin.service.DriverLoadService - Load driver for SqlServer ,version:sqlserver-7.2,path:D:\Code\Gitee\IdeaProjects\dbswitch\drivers\sqlserver\sqlserver-7.2
2024-04-10 20:29:22.353 [main] INFO  com.gitee.dbswitch.admin.service.DriverLoadService - Load driver for Sybase ,version:sybase-4,path:D:\Code\Gitee\IdeaProjects\dbswitch\drivers\sybase\sybase-4
2024-04-10 20:29:22.353 [main] INFO  com.gitee.dbswitch.admin.service.DriverLoadService - Finish load jdbc drivers from local path: D:\Code\Gitee\IdeaProjects\dbswitch\drivers
2024-04-10 20:29:22.567 [main] INFO  com.gitee.dbswitch.admin.service.JobManagerService - Success to revise job status
2024-04-10 20:31:04.925 [SpringContextShutdownHook] INFO  org.quartz.core.QuartzScheduler - Scheduler DBSwitch-Quartz-Scheduler_$_DESKTOP-DNHP3T41712752158706 paused.
2024-04-10 20:31:05.458 [SpringContextShutdownHook] INFO  o.s.scheduling.concurrent.ThreadPoolTaskScheduler - Shutting down ExecutorService 'taskScheduler'
2024-04-10 20:31:05.459 [SpringContextShutdownHook] INFO  o.s.scheduling.concurrent.ThreadPoolTaskExecutor - Shutting down ExecutorService 'writerTaskExecutor'
2024-04-10 20:31:05.459 [SpringContextShutdownHook] INFO  o.s.scheduling.concurrent.ThreadPoolTaskExecutor - Shutting down ExecutorService 'readerTaskExecutor'
2024-04-10 20:31:05.462 [SpringContextShutdownHook] INFO  o.s.scheduling.quartz.SchedulerFactoryBean - Shutting down Quartz Scheduler
2024-04-10 20:31:05.462 [SpringContextShutdownHook] INFO  org.quartz.core.QuartzScheduler - Scheduler DBSwitch-Quartz-Scheduler_$_DESKTOP-DNHP3T41712752158706 shutting down.
2024-04-10 20:31:05.462 [SpringContextShutdownHook] INFO  org.quartz.core.QuartzScheduler - Scheduler DBSwitch-Quartz-Scheduler_$_DESKTOP-DNHP3T41712752158706 paused.
2024-04-10 20:31:05.463 [SpringContextShutdownHook] INFO  org.quartz.core.QuartzScheduler - Scheduler DBSwitch-Quartz-Scheduler_$_DESKTOP-DNHP3T41712752158706 shutdown complete.
2024-04-10 20:31:05.464 [SpringContextShutdownHook] INFO  com.zaxxer.hikari.HikariDataSource - HikariPool-1 - Shutdown initiated...
2024-04-10 20:31:05.471 [SpringContextShutdownHook] INFO  com.zaxxer.hikari.HikariDataSource - HikariPool-1 - Shutdown completed.
2024-04-10 20:31:09.916 [main] INFO  c.g.dbswitch.admin.logback.LogbackAppenderRegister - Success add and initialize appender of logback for class: com.gitee.dbswitch.data.service.MigrationService
2024-04-10 20:31:09.923 [main] INFO  c.g.dbswitch.admin.logback.LogbackAppenderRegister - Success add and initialize appender of logback for class: com.gitee.dbswitch.data.service.DefaultReaderRobot
2024-04-10 20:31:09.924 [main] INFO  c.g.dbswitch.admin.logback.LogbackAppenderRegister - Success add and initialize appender of logback for class: com.gitee.dbswitch.data.handler.ReaderTaskThread
2024-04-10 20:31:09.924 [main] INFO  c.g.dbswitch.admin.logback.LogbackAppenderRegister - Success add and initialize appender of logback for class: com.gitee.dbswitch.data.service.DefaultWriterRobot
2024-04-10 20:31:09.924 [main] INFO  c.g.dbswitch.admin.logback.LogbackAppenderRegister - Success add and initialize appender of logback for class: com.gitee.dbswitch.data.handler.WriterTaskThread
2024-04-10 20:31:09.924 [main] INFO  c.g.dbswitch.admin.logback.LogbackAppenderRegister - Success add and initialize appender of logback for class: com.gitee.dbswitch.common.util.MachineInfoUtils
2024-04-10 20:31:09.933 [main] INFO  com.gitee.dbswitch.admin.AdminApplication - Starting AdminApplication on DESKTOP-DNHP3T4 with PID 14196 (D:\Code\Gitee\IdeaProjects\dbswitch\dbswitch-admin\target\classes started by lizemin in D:\Code\Gitee\IdeaProjects\dbswitch)
2024-04-10 20:31:09.935 [main] INFO  com.gitee.dbswitch.admin.AdminApplication - No active profile set, falling back to default profiles: default
2024-04-10 20:31:11.260 [main] INFO  o.s.d.r.config.RepositoryConfigurationDelegate - Bootstrapping Spring Data JDBC repositories in DEFAULT mode.
2024-04-10 20:31:11.297 [main] INFO  o.s.d.r.config.RepositoryConfigurationDelegate - Finished Spring Data repository scanning in 32ms. Found 0 JDBC repository interfaces.
2024-04-10 20:31:12.191 [main] INFO  o.s.boot.web.embedded.tomcat.TomcatWebServer - Tomcat initialized with port(s): 9088 (http)
2024-04-10 20:31:12.207 [main] INFO  org.apache.coyote.http11.Http11NioProtocol - Initializing ProtocolHandler ["http-nio-9088"]
2024-04-10 20:31:12.208 [main] INFO  org.apache.catalina.core.StandardService - Starting service [Tomcat]
2024-04-10 20:31:12.208 [main] INFO  org.apache.catalina.core.StandardEngine - Starting Servlet engine: [Apache Tomcat/9.0.41]
2024-04-10 20:31:12.334 [main] INFO  o.a.c.core.ContainerBase.[Tomcat].[localhost].[/] - Initializing Spring embedded WebApplicationContext
2024-04-10 20:31:12.334 [main] INFO  o.s.b.w.s.c.ServletWebServerApplicationContext - Root WebApplicationContext: initialization completed in 2296 ms
2024-04-10 20:31:12.606 [main] INFO  com.zaxxer.hikari.HikariDataSource - HikariPool-1 - Starting...
2024-04-10 20:31:12.815 [main] INFO  com.zaxxer.hikari.HikariDataSource - HikariPool-1 - Start completed.
2024-04-10 20:31:13.563 [main] INFO  com.gitee.dbswitch.common.event.TaskEventHub - Create new EventHub: manualRun
2024-04-10 20:31:13.654 [main] INFO  org.quartz.impl.StdSchedulerFactory - Using default implementation for ThreadExecutor
2024-04-10 20:31:13.657 [main] INFO  org.quartz.simpl.SimpleThreadPool - Job execution threads will use class loader of thread: main
2024-04-10 20:31:13.668 [main] INFO  org.quartz.core.SchedulerSignalerImpl - Initialized Scheduler Signaller of type: class org.quartz.core.SchedulerSignalerImpl
2024-04-10 20:31:13.668 [main] INFO  org.quartz.core.QuartzScheduler - Quartz Scheduler v.2.3.2 created.
2024-04-10 20:31:13.678 [main] INFO  o.s.scheduling.quartz.LocalDataSourceJobStore - Using db table-based data access locking (synchronization).
2024-04-10 20:31:13.680 [main] INFO  o.s.scheduling.quartz.LocalDataSourceJobStore - JobStoreCMT initialized.
2024-04-10 20:31:13.681 [main] INFO  org.quartz.core.QuartzScheduler - Scheduler meta-data: Quartz Scheduler (v2.3.2) 'DBSwitch-Quartz-Scheduler' with instanceId 'DESKTOP-DNHP3T41712752273656'
  Scheduler class: 'org.quartz.core.QuartzScheduler' - running locally.
  NOT STARTED.
  Currently in standby mode.
  Number of jobs executed: 0
  Using thread pool 'org.quartz.simpl.SimpleThreadPool' - with 20 threads.
  Using job-store 'org.springframework.scheduling.quartz.LocalDataSourceJobStore' - which supports persistence. and is clustered.

2024-04-10 20:31:13.681 [main] INFO  org.quartz.impl.StdSchedulerFactory - Quartz scheduler 'DBSwitch-Quartz-Scheduler' initialized from an externally provided properties instance.
2024-04-10 20:31:13.681 [main] INFO  org.quartz.impl.StdSchedulerFactory - Quartz scheduler version: 2.3.2
2024-04-10 20:31:13.682 [main] INFO  org.quartz.core.QuartzScheduler - JobFactory set to: com.gitee.dbswitch.admin.config.QuartzConfig$AutowiringSpringBeanJobFactory@3d512652
2024-04-10 20:31:14.286 [main] INFO  o.s.scheduling.concurrent.ThreadPoolTaskExecutor - Initializing ExecutorService 'readerTaskExecutor'
2024-04-10 20:31:14.288 [main] INFO  o.s.scheduling.concurrent.ThreadPoolTaskExecutor - Initializing ExecutorService 'readerTaskExecutor'
2024-04-10 20:31:14.291 [main] INFO  o.s.scheduling.concurrent.ThreadPoolTaskExecutor - Initializing ExecutorService 'writerTaskExecutor'
2024-04-10 20:31:14.291 [main] INFO  o.s.scheduling.concurrent.ThreadPoolTaskExecutor - Initializing ExecutorService 'writerTaskExecutor'
2024-04-10 20:31:14.573 [main] INFO  c.g.d.p.register.ProductRegisterAutoConfiguration - Register database product now ...
2024-04-10 20:31:14.577 [main] INFO  com.gitee.dbswitch.provider.ProductProviderFactory - Register product KINGBASE by subclass :com.gitee.dbswitch.product.kingbase.KingbaseFactoryProvider 
2024-04-10 20:31:14.578 [main] INFO  com.gitee.dbswitch.provider.ProductProviderFactory - Register product POSTGRESQL by subclass :com.gitee.dbswitch.product.postgresql.PostgresFactoryProvider 
2024-04-10 20:31:14.579 [main] INFO  com.gitee.dbswitch.provider.ProductProviderFactory - Register product MYSQL by subclass :com.gitee.dbswitch.product.mysql.MysqlFactoryProvider 
2024-04-10 20:31:14.580 [main] INFO  com.gitee.dbswitch.provider.ProductProviderFactory - Register product SQLITE3 by subclass :com.gitee.dbswitch.product.sqlite.SqliteFactoryProvider 
2024-04-10 20:31:14.581 [main] INFO  com.gitee.dbswitch.provider.ProductProviderFactory - Register product OPENGAUSS by subclass :com.gitee.dbswitch.product.openguass.OpenGaussFactoryProvider 
2024-04-10 20:31:14.581 [main] INFO  com.gitee.dbswitch.provider.ProductProviderFactory - Register product ORACLE by subclass :com.gitee.dbswitch.product.oracle.OracleFactoryProvider 
2024-04-10 20:31:14.582 [main] INFO  com.gitee.dbswitch.provider.ProductProviderFactory - Register product DM by subclass :com.gitee.dbswitch.product.dm.DmFactoryProvider 
2024-04-10 20:31:14.583 [main] INFO  com.gitee.dbswitch.provider.ProductProviderFactory - Register product SYBASE by subclass :com.gitee.dbswitch.product.sybase.SybaseFactoryProvider 
2024-04-10 20:31:14.584 [main] INFO  com.gitee.dbswitch.provider.ProductProviderFactory - Register product HIGHGO by subclass :com.gitee.dbswitch.product.highgo.HighgoFactoryProvider 
2024-04-10 20:31:14.585 [main] INFO  com.gitee.dbswitch.provider.ProductProviderFactory - Register product HIVE by subclass :com.gitee.dbswitch.product.hive.HiveFactoryProvider 
2024-04-10 20:31:14.586 [main] INFO  com.gitee.dbswitch.provider.ProductProviderFactory - Register product ELASTICSEARCH by subclass :com.gitee.dbswitch.product.elasticsearch.ElasticsearchFactoryProvider 
2024-04-10 20:31:14.586 [main] INFO  com.gitee.dbswitch.provider.ProductProviderFactory - Register product GBASE8A by subclass :com.gitee.dbswitch.product.gbase.GbaseFactoryProvider 
2024-04-10 20:31:14.588 [main] INFO  com.gitee.dbswitch.provider.ProductProviderFactory - Register product MONGODB by subclass :com.gitee.dbswitch.product.mongodb.MongodbFactoryProvider 
2024-04-10 20:31:14.589 [main] INFO  com.gitee.dbswitch.provider.ProductProviderFactory - Register product DB2 by subclass :com.gitee.dbswitch.product.db2.DB2FactoryProvider 
2024-04-10 20:31:14.590 [main] INFO  com.gitee.dbswitch.provider.ProductProviderFactory - Register product MARIADB by subclass :com.gitee.dbswitch.product.mariadb.MariadbFactoryProvider 
2024-04-10 20:31:14.592 [main] INFO  com.gitee.dbswitch.provider.ProductProviderFactory - Register product OSCAR by subclass :com.gitee.dbswitch.product.oscar.OscarFactoryProvider 
2024-04-10 20:31:14.593 [main] INFO  com.gitee.dbswitch.provider.ProductProviderFactory - Register product SQLSERVER by subclass :com.gitee.dbswitch.product.sqlserver.SqlserverFactoryProvider 
2024-04-10 20:31:14.594 [main] INFO  com.gitee.dbswitch.provider.ProductProviderFactory - Register product CLICKHOUSE by subclass :com.gitee.dbswitch.product.clickhouse.ClickhouseFactoryProvider 
2024-04-10 20:31:14.594 [main] INFO  c.g.d.p.register.ProductRegisterAutoConfiguration - Finish to register total 18 database product !
2024-04-10 20:31:14.736 [main] INFO  org.flywaydb.core.internal.license.VersionPrinter - Flyway Community Edition 6.4.4 by Redgate
2024-04-10 20:31:14.764 [main] INFO  o.flywaydb.core.internal.database.DatabaseFactory - Database: jdbc:mysql://127.0.0.1:3306/dbswitch (MySQL 8.0)
2024-04-10 20:31:14.886 [main] INFO  org.flywaydb.core.internal.command.DbValidate - Successfully validated 14 migrations (execution time 00:00.072s)
2024-04-10 20:31:14.913 [main] INFO  o.f.c.i.schemahistory.JdbcTableSchemaHistory - Creating Schema History table `dbswitch`.`DBSWITCH_SCHEMA_HISTORY` ...
2024-04-10 20:31:15.295 [main] INFO  org.flywaydb.core.internal.command.DbMigrate - Current version of schema `dbswitch`: << Empty Schema >>
2024-04-10 20:31:15.313 [main] INFO  org.flywaydb.core.internal.command.DbMigrate - Migrating schema `dbswitch` to version 1.0.0 - quartz-ddl
2024-04-10 20:31:15.643 [main] WARN  o.f.c.internal.sqlscript.DefaultSqlScriptExecutor - DB: Integer display width is deprecated and will be removed in a future release. (SQL State: HY000 - Error Code: 1681)
2024-04-10 20:31:15.643 [main] WARN  o.f.c.internal.sqlscript.DefaultSqlScriptExecutor - DB: Integer display width is deprecated and will be removed in a future release. (SQL State: HY000 - Error Code: 1681)
2024-04-10 20:31:15.643 [main] WARN  o.f.c.internal.sqlscript.DefaultSqlScriptExecutor - DB: Integer display width is deprecated and will be removed in a future release. (SQL State: HY000 - Error Code: 1681)
2024-04-10 20:31:15.643 [main] WARN  o.f.c.internal.sqlscript.DefaultSqlScriptExecutor - DB: Integer display width is deprecated and will be removed in a future release. (SQL State: HY000 - Error Code: 1681)
2024-04-10 20:31:15.643 [main] WARN  o.f.c.internal.sqlscript.DefaultSqlScriptExecutor - DB: Integer display width is deprecated and will be removed in a future release. (SQL State: HY000 - Error Code: 1681)
2024-04-10 20:31:15.784 [main] WARN  o.f.c.internal.sqlscript.DefaultSqlScriptExecutor - DB: Integer display width is deprecated and will be removed in a future release. (SQL State: HY000 - Error Code: 1681)
2024-04-10 20:31:15.784 [main] WARN  o.f.c.internal.sqlscript.DefaultSqlScriptExecutor - DB: Integer display width is deprecated and will be removed in a future release. (SQL State: HY000 - Error Code: 1681)
2024-04-10 20:31:15.784 [main] WARN  o.f.c.internal.sqlscript.DefaultSqlScriptExecutor - DB: Integer display width is deprecated and will be removed in a future release. (SQL State: HY000 - Error Code: 1681)
2024-04-10 20:31:16.543 [main] WARN  o.f.c.internal.sqlscript.DefaultSqlScriptExecutor - DB: Integer display width is deprecated and will be removed in a future release. (SQL State: HY000 - Error Code: 1681)
2024-04-10 20:31:16.543 [main] WARN  o.f.c.internal.sqlscript.DefaultSqlScriptExecutor - DB: Integer display width is deprecated and will be removed in a future release. (SQL State: HY000 - Error Code: 1681)
2024-04-10 20:31:16.669 [main] WARN  o.f.c.internal.sqlscript.DefaultSqlScriptExecutor - DB: Integer display width is deprecated and will be removed in a future release. (SQL State: HY000 - Error Code: 1681)
2024-04-10 20:31:16.669 [main] WARN  o.f.c.internal.sqlscript.DefaultSqlScriptExecutor - DB: Integer display width is deprecated and will be removed in a future release. (SQL State: HY000 - Error Code: 1681)
2024-04-10 20:31:19.206 [main] INFO  org.flywaydb.core.internal.command.DbMigrate - Migrating schema `dbswitch` to version 1.0.1 - system-ddl
2024-04-10 20:31:19.380 [main] WARN  o.f.c.internal.sqlscript.DefaultSqlScriptExecutor - DB: Integer display width is deprecated and will be removed in a future release. (SQL State: HY000 - Error Code: 1681)
2024-04-10 20:31:19.380 [main] WARN  o.f.c.internal.sqlscript.DefaultSqlScriptExecutor - DB: Integer display width is deprecated and will be removed in a future release. (SQL State: HY000 - Error Code: 1681)
2024-04-10 20:31:19.380 [main] WARN  o.f.c.internal.sqlscript.DefaultSqlScriptExecutor - DB: 'utf8' is currently an alias for the character set UTF8MB3, but will be an alias for UTF8MB4 in a future release. Please consider using UTF8MB4 in order to be unambiguous. (SQL State: HY000 - Error Code: 3719)
2024-04-10 20:31:19.517 [main] WARN  o.f.c.internal.sqlscript.DefaultSqlScriptExecutor - DB: Integer display width is deprecated and will be removed in a future release. (SQL State: HY000 - Error Code: 1681)
2024-04-10 20:31:19.517 [main] WARN  o.f.c.internal.sqlscript.DefaultSqlScriptExecutor - DB: Integer display width is deprecated and will be removed in a future release. (SQL State: HY000 - Error Code: 1681)
2024-04-10 20:31:19.517 [main] WARN  o.f.c.internal.sqlscript.DefaultSqlScriptExecutor - DB: Integer display width is deprecated and will be removed in a future release. (SQL State: HY000 - Error Code: 1681)
2024-04-10 20:31:19.517 [main] WARN  o.f.c.internal.sqlscript.DefaultSqlScriptExecutor - DB: 'utf8' is currently an alias for the character set UTF8MB3, but will be an alias for UTF8MB4 in a future release. Please consider using UTF8MB4 in order to be unambiguous. (SQL State: HY000 - Error Code: 3719)
2024-04-10 20:31:19.685 [main] WARN  o.f.c.internal.sqlscript.DefaultSqlScriptExecutor - DB: Integer display width is deprecated and will be removed in a future release. (SQL State: HY000 - Error Code: 1681)
2024-04-10 20:31:19.685 [main] WARN  o.f.c.internal.sqlscript.DefaultSqlScriptExecutor - DB: 'utf8' is currently an alias for the character set UTF8MB3, but will be an alias for UTF8MB4 in a future release. Please consider using UTF8MB4 in order to be unambiguous. (SQL State: HY000 - Error Code: 3719)
2024-04-10 20:31:19.812 [main] WARN  o.f.c.internal.sqlscript.DefaultSqlScriptExecutor - DB: Integer display width is deprecated and will be removed in a future release. (SQL State: HY000 - Error Code: 1681)
2024-04-10 20:31:19.812 [main] WARN  o.f.c.internal.sqlscript.DefaultSqlScriptExecutor - DB: Integer display width is deprecated and will be removed in a future release. (SQL State: HY000 - Error Code: 1681)
2024-04-10 20:31:19.812 [main] WARN  o.f.c.internal.sqlscript.DefaultSqlScriptExecutor - DB: 'utf8' is currently an alias for the character set UTF8MB3, but will be an alias for UTF8MB4 in a future release. Please consider using UTF8MB4 in order to be unambiguous. (SQL State: HY000 - Error Code: 3719)
2024-04-10 20:31:20.045 [main] WARN  o.f.c.internal.sqlscript.DefaultSqlScriptExecutor - DB: Integer display width is deprecated and will be removed in a future release. (SQL State: HY000 - Error Code: 1681)
2024-04-10 20:31:20.045 [main] WARN  o.f.c.internal.sqlscript.DefaultSqlScriptExecutor - DB: Integer display width is deprecated and will be removed in a future release. (SQL State: HY000 - Error Code: 1681)
2024-04-10 20:31:20.045 [main] WARN  o.f.c.internal.sqlscript.DefaultSqlScriptExecutor - DB: Integer display width is deprecated and will be removed in a future release. (SQL State: HY000 - Error Code: 1681)
2024-04-10 20:31:20.045 [main] WARN  o.f.c.internal.sqlscript.DefaultSqlScriptExecutor - DB: Integer display width is deprecated and will be removed in a future release. (SQL State: HY000 - Error Code: 1681)
2024-04-10 20:31:20.045 [main] WARN  o.f.c.internal.sqlscript.DefaultSqlScriptExecutor - DB: Integer display width is deprecated and will be removed in a future release. (SQL State: HY000 - Error Code: 1681)
2024-04-10 20:31:20.045 [main] WARN  o.f.c.internal.sqlscript.DefaultSqlScriptExecutor - DB: Integer display width is deprecated and will be removed in a future release. (SQL State: HY000 - Error Code: 1681)
2024-04-10 20:31:20.045 [main] WARN  o.f.c.internal.sqlscript.DefaultSqlScriptExecutor - DB: Integer display width is deprecated and will be removed in a future release. (SQL State: HY000 - Error Code: 1681)
2024-04-10 20:31:20.045 [main] WARN  o.f.c.internal.sqlscript.DefaultSqlScriptExecutor - DB: Integer display width is deprecated and will be removed in a future release. (SQL State: HY000 - Error Code: 1681)
2024-04-10 20:31:20.045 [main] WARN  o.f.c.internal.sqlscript.DefaultSqlScriptExecutor - DB: 'utf8' is currently an alias for the character set UTF8MB3, but will be an alias for UTF8MB4 in a future release. Please consider using UTF8MB4 in order to be unambiguous. (SQL State: HY000 - Error Code: 3719)
2024-04-10 20:31:20.220 [main] WARN  o.f.c.internal.sqlscript.DefaultSqlScriptExecutor - DB: Integer display width is deprecated and will be removed in a future release. (SQL State: HY000 - Error Code: 1681)
2024-04-10 20:31:20.221 [main] WARN  o.f.c.internal.sqlscript.DefaultSqlScriptExecutor - DB: Integer display width is deprecated and will be removed in a future release. (SQL State: HY000 - Error Code: 1681)
2024-04-10 20:31:20.221 [main] WARN  o.f.c.internal.sqlscript.DefaultSqlScriptExecutor - DB: 'utf8' is currently an alias for the character set UTF8MB3, but will be an alias for UTF8MB4 in a future release. Please consider using UTF8MB4 in order to be unambiguous. (SQL State: HY000 - Error Code: 3719)
2024-04-10 20:31:20.293 [main] INFO  org.flywaydb.core.internal.command.DbMigrate - Migrating schema `dbswitch` to version 1.0.2 - system-dml
2024-04-10 20:31:20.373 [main] INFO  org.flywaydb.core.internal.command.DbMigrate - Migrating schema `dbswitch` to version 1.0.3 - system-ddl
2024-04-10 20:31:20.800 [main] INFO  org.flywaydb.core.internal.command.DbMigrate - Migrating schema `dbswitch` to version 1.0.4 - system-ddl
2024-04-10 20:31:21.083 [main] WARN  o.f.c.internal.sqlscript.DefaultSqlScriptExecutor - DB: Integer display width is deprecated and will be removed in a future release. (SQL State: HY000 - Error Code: 1681)
2024-04-10 20:31:21.136 [main] INFO  org.flywaydb.core.internal.command.DbMigrate - Migrating schema `dbswitch` to version 1.0.5 - system-ddl
2024-04-10 20:31:21.515 [main] INFO  org.flywaydb.core.internal.command.DbMigrate - Migrating schema `dbswitch` to version 1.0.6 - system-ddl
2024-04-10 20:31:21.796 [main] INFO  org.flywaydb.core.internal.command.DbMigrate - Migrating schema `dbswitch` to version 1.0.7 - system-ddl
2024-04-10 20:31:21.964 [main] WARN  o.f.c.internal.sqlscript.DefaultSqlScriptExecutor - DB: 'utf8' is currently an alias for the character set UTF8MB3, but will be an alias for UTF8MB4 in a future release. Please consider using UTF8MB4 in order to be unambiguous. (SQL State: HY000 - Error Code: 3719)
2024-04-10 20:31:22.025 [main] INFO  org.flywaydb.core.internal.command.DbMigrate - Migrating schema `dbswitch` to version 1.0.8 - system-ddl
2024-04-10 20:31:22.353 [main] INFO  org.flywaydb.core.internal.command.DbMigrate - Migrating schema `dbswitch` to version 1.0.9 - system-ddl
2024-04-10 20:31:22.752 [main] INFO  org.flywaydb.core.internal.command.DbMigrate - Migrating schema `dbswitch` to version 1.0.10 - system-ddl
2024-04-10 20:31:23.102 [main] WARN  o.f.c.internal.sqlscript.DefaultSqlScriptExecutor - DB: Integer display width is deprecated and will be removed in a future release. (SQL State: HY000 - Error Code: 1681)
2024-04-10 20:31:23.157 [main] INFO  org.flywaydb.core.internal.command.DbMigrate - Migrating schema `dbswitch` to version 1.0.11 - system-ddl
2024-04-10 20:31:23.549 [main] INFO  org.flywaydb.core.internal.command.DbMigrate - Migrating schema `dbswitch` to version 1.0.12 - system-ddl
2024-04-10 20:31:23.863 [main] WARN  o.f.c.internal.sqlscript.DefaultSqlScriptExecutor - DB: Integer display width is deprecated and will be removed in a future release. (SQL State: HY000 - Error Code: 1681)
2024-04-10 20:31:23.924 [main] INFO  org.flywaydb.core.internal.command.DbMigrate - Migrating schema `dbswitch` to version 1.0.13 - system-ddl
2024-04-10 20:31:25.268 [main] INFO  org.flywaydb.core.internal.command.DbMigrate - Successfully applied 14 migrations to schema `dbswitch` (execution time 00:09.984s)
2024-04-10 20:31:25.412 [main] INFO  o.s.scheduling.concurrent.ThreadPoolTaskScheduler - Initializing ExecutorService 'taskScheduler'
2024-04-10 20:31:25.450 [main] INFO  org.apache.coyote.http11.Http11NioProtocol - Starting ProtocolHandler ["http-nio-9088"]
2024-04-10 20:31:25.480 [main] INFO  o.s.boot.web.embedded.tomcat.TomcatWebServer - Tomcat started on port(s): 9088 (http) with context path ''
2024-04-10 20:31:25.668 [main] WARN  s.d.s.r.operation.OperationImplicitParameterReader - Unable to interpret the implicit parameter configuration with dataType: String, dataTypeClass: class java.lang.Void
2024-04-10 20:31:25.972 [main] INFO  o.s.scheduling.quartz.SchedulerFactoryBean - Starting Quartz Scheduler now
2024-04-10 20:31:26.014 [main] INFO  org.quartz.core.QuartzScheduler - Scheduler DBSwitch-Quartz-Scheduler_$_DESKTOP-DNHP3T41712752273656 started.
2024-04-10 20:31:26.032 [main] INFO  com.gitee.dbswitch.admin.AdminApplication - Started AdminApplication in 16.997 seconds (JVM running for 18.638)
2024-04-10 20:31:26.038 [main] INFO  com.gitee.dbswitch.admin.service.DriverLoadService - Load driver for ClickHouse ,version:clickhouse-0.4.2,path:D:\Code\Gitee\IdeaProjects\dbswitch\drivers\clickhouse\clickhouse-0.4.2
2024-04-10 20:31:26.038 [main] INFO  com.gitee.dbswitch.admin.service.DriverLoadService - Load driver for DB2 ,version:db2-10.1,path:D:\Code\Gitee\IdeaProjects\dbswitch\drivers\db2\db2-10.1
2024-04-10 20:31:26.038 [main] INFO  com.gitee.dbswitch.admin.service.DriverLoadService - Load driver for DM ,version:dm-8,path:D:\Code\Gitee\IdeaProjects\dbswitch\drivers\dm\dm-8
2024-04-10 20:31:26.038 [main] INFO  com.gitee.dbswitch.admin.service.DriverLoadService - Load driver for ElasticSearch ,version:es-7.7.0,path:D:\Code\Gitee\IdeaProjects\dbswitch\drivers\elasticsearch\es-7.7.0
2024-04-10 20:31:26.038 [main] INFO  com.gitee.dbswitch.admin.service.DriverLoadService - Load driver for GBase8A ,version:gbase8a-8.6,path:D:\Code\Gitee\IdeaProjects\dbswitch\drivers\gbase8a\gbase8a-8.6
2024-04-10 20:31:26.039 [main] INFO  com.gitee.dbswitch.admin.service.DriverLoadService - Load driver for GBase8A ,version:gbase8a-9.5,path:D:\Code\Gitee\IdeaProjects\dbswitch\drivers\gbase8a\gbase8a-9.5
2024-04-10 20:31:26.039 [main] INFO  com.gitee.dbswitch.admin.service.DriverLoadService - Load driver for HighGo ,version:highgo-6.2.4,path:D:\Code\Gitee\IdeaProjects\dbswitch\drivers\highgo\highgo-6.2.4
2024-04-10 20:31:26.039 [main] INFO  com.gitee.dbswitch.admin.service.DriverLoadService - Load driver for Hive ,version:hive-3.1.2,path:D:\Code\Gitee\IdeaProjects\dbswitch\drivers\hive\hive-3.1.2
2024-04-10 20:31:26.039 [main] INFO  com.gitee.dbswitch.admin.service.DriverLoadService - Load driver for KingBase ,version:kingbase-v8r3,path:D:\Code\Gitee\IdeaProjects\dbswitch\drivers\kingbase\kingbase-v8r3
2024-04-10 20:31:26.039 [main] INFO  com.gitee.dbswitch.admin.service.DriverLoadService - Load driver for KingBase ,version:kingbase-v8r6,path:D:\Code\Gitee\IdeaProjects\dbswitch\drivers\kingbase\kingbase-v8r6
2024-04-10 20:31:26.040 [main] INFO  com.gitee.dbswitch.admin.service.DriverLoadService - Load driver for MariaDB ,version:mariadb-2.7,path:D:\Code\Gitee\IdeaProjects\dbswitch\drivers\mariadb\mariadb-2.7
2024-04-10 20:31:26.040 [main] INFO  com.gitee.dbswitch.admin.service.DriverLoadService - Load driver for MongoDB ,version:mongo-4.10,path:D:\Code\Gitee\IdeaProjects\dbswitch\drivers\mongodb\mongo-4.10
2024-04-10 20:31:26.040 [main] INFO  com.gitee.dbswitch.admin.service.DriverLoadService - Load driver for MySQL ,version:mysql-5,path:D:\Code\Gitee\IdeaProjects\dbswitch\drivers\mysql\mysql-5
2024-04-10 20:31:26.040 [main] INFO  com.gitee.dbswitch.admin.service.DriverLoadService - Load driver for MySQL ,version:mysql-8,path:D:\Code\Gitee\IdeaProjects\dbswitch\drivers\mysql\mysql-8
2024-04-10 20:31:26.040 [main] INFO  com.gitee.dbswitch.admin.service.DriverLoadService - Load driver for OpenGauss ,version:opengauss-3.0.0,path:D:\Code\Gitee\IdeaProjects\dbswitch\drivers\opengauss\opengauss-3.0.0
2024-04-10 20:31:26.040 [main] INFO  com.gitee.dbswitch.admin.service.DriverLoadService - Load driver for OpenGauss ,version:opengauss-5.0.0,path:D:\Code\Gitee\IdeaProjects\dbswitch\drivers\opengauss\opengauss-5.0.0
2024-04-10 20:31:26.040 [main] INFO  com.gitee.dbswitch.admin.service.DriverLoadService - Load driver for Oracle ,version:oracle-12c,path:D:\Code\Gitee\IdeaProjects\dbswitch\drivers\oracle\oracle-12c
2024-04-10 20:31:26.040 [main] INFO  com.gitee.dbswitch.admin.service.DriverLoadService - Load driver for Oscar ,version:oscar-8,path:D:\Code\Gitee\IdeaProjects\dbswitch\drivers\oscar\oscar-8
2024-04-10 20:31:26.041 [main] INFO  com.gitee.dbswitch.admin.service.DriverLoadService - Load driver for PostgreSql ,version:postgresql-11.4,path:D:\Code\Gitee\IdeaProjects\dbswitch\drivers\postgresql\postgresql-11.4
2024-04-10 20:31:26.041 [main] INFO  com.gitee.dbswitch.admin.service.DriverLoadService - Load driver for Sqlite3 ,version:sqlite-3.31,path:D:\Code\Gitee\IdeaProjects\dbswitch\drivers\sqlite3\sqlite-3.31
2024-04-10 20:31:26.041 [main] INFO  com.gitee.dbswitch.admin.service.DriverLoadService - Load driver for SqlServer ,version:sqlserver-6.4,path:D:\Code\Gitee\IdeaProjects\dbswitch\drivers\sqlserver\sqlserver-6.4
2024-04-10 20:31:26.041 [main] INFO  com.gitee.dbswitch.admin.service.DriverLoadService - Load driver for SqlServer ,version:sqlserver-7.2,path:D:\Code\Gitee\IdeaProjects\dbswitch\drivers\sqlserver\sqlserver-7.2
2024-04-10 20:31:26.041 [main] INFO  com.gitee.dbswitch.admin.service.DriverLoadService - Load driver for Sybase ,version:sybase-4,path:D:\Code\Gitee\IdeaProjects\dbswitch\drivers\sybase\sybase-4
2024-04-10 20:31:26.041 [main] INFO  com.gitee.dbswitch.admin.service.DriverLoadService - Finish load jdbc drivers from local path: D:\Code\Gitee\IdeaProjects\dbswitch\drivers
2024-04-10 20:31:26.118 [main] INFO  com.gitee.dbswitch.admin.service.JobLogbackService - Success to clean history job log for 30 days
2024-04-10 20:31:26.165 [main] INFO  com.gitee.dbswitch.admin.service.JobManagerService - Success to revise job status
2024-04-10 20:31:50.643 [http-nio-9088-exec-1] INFO  o.a.c.core.ContainerBase.[Tomcat].[localhost].[/] - Initializing Spring DispatcherServlet 'dispatcherServlet'
2024-04-10 20:31:50.643 [http-nio-9088-exec-1] INFO  org.springframework.web.servlet.DispatcherServlet - Initializing Servlet 'dispatcherServlet'
2024-04-10 20:31:50.656 [http-nio-9088-exec-1] INFO  org.springframework.web.servlet.DispatcherServlet - Completed initialization in 13 ms
2024-04-10 20:32:23.505 [http-nio-9088-exec-9] INFO  com.gitee.dbswitch.data.util.DataSourceUtils - Create jar classLoader from path: D:\Code\Gitee\IdeaProjects\dbswitch\drivers\mysql\mysql-8
2024-04-10 21:00:41.279 [SpringContextShutdownHook] INFO  org.quartz.core.QuartzScheduler - Scheduler DBSwitch-Quartz-Scheduler_$_DESKTOP-DNHP3T41712752273656 paused.
2024-04-10 21:00:49.960 [main] INFO  c.g.dbswitch.admin.logback.LogbackAppenderRegister - Success add and initialize appender of logback for class: com.gitee.dbswitch.data.service.MigrationService
2024-04-10 21:00:49.967 [main] INFO  c.g.dbswitch.admin.logback.LogbackAppenderRegister - Success add and initialize appender of logback for class: com.gitee.dbswitch.data.service.DefaultReaderRobot
2024-04-10 21:00:49.967 [main] INFO  c.g.dbswitch.admin.logback.LogbackAppenderRegister - Success add and initialize appender of logback for class: com.gitee.dbswitch.data.handler.ReaderTaskThread
2024-04-10 21:00:49.967 [main] INFO  c.g.dbswitch.admin.logback.LogbackAppenderRegister - Success add and initialize appender of logback for class: com.gitee.dbswitch.data.service.DefaultWriterRobot
2024-04-10 21:00:49.968 [main] INFO  c.g.dbswitch.admin.logback.LogbackAppenderRegister - Success add and initialize appender of logback for class: com.gitee.dbswitch.data.handler.WriterTaskThread
2024-04-10 21:00:49.968 [main] INFO  c.g.dbswitch.admin.logback.LogbackAppenderRegister - Success add and initialize appender of logback for class: com.gitee.dbswitch.common.util.MachineInfoUtils
2024-04-10 21:00:49.977 [main] INFO  com.gitee.dbswitch.admin.AdminApplication - Starting AdminApplication on DESKTOP-DNHP3T4 with PID 2744 (D:\Code\Gitee\IdeaProjects\dbswitch\dbswitch-admin\target\classes started by lizemin in D:\Code\Gitee\IdeaProjects\dbswitch)
2024-04-10 21:00:49.978 [main] INFO  com.gitee.dbswitch.admin.AdminApplication - No active profile set, falling back to default profiles: default
2024-04-10 21:00:51.728 [main] INFO  o.s.d.r.config.RepositoryConfigurationDelegate - Bootstrapping Spring Data JDBC repositories in DEFAULT mode.
2024-04-10 21:00:51.800 [main] INFO  o.s.d.r.config.RepositoryConfigurationDelegate - Finished Spring Data repository scanning in 62ms. Found 0 JDBC repository interfaces.
2024-04-10 21:00:53.149 [main] INFO  o.s.boot.web.embedded.tomcat.TomcatWebServer - Tomcat initialized with port(s): 9088 (http)
2024-04-10 21:00:53.172 [main] INFO  org.apache.coyote.http11.Http11NioProtocol - Initializing ProtocolHandler ["http-nio-9088"]
2024-04-10 21:00:53.173 [main] INFO  org.apache.catalina.core.StandardService - Starting service [Tomcat]
2024-04-10 21:00:53.173 [main] INFO  org.apache.catalina.core.StandardEngine - Starting Servlet engine: [Apache Tomcat/9.0.41]
2024-04-10 21:00:53.450 [main] INFO  o.a.c.core.ContainerBase.[Tomcat].[localhost].[/] - Initializing Spring embedded WebApplicationContext
2024-04-10 21:00:53.450 [main] INFO  o.s.b.w.s.c.ServletWebServerApplicationContext - Root WebApplicationContext: initialization completed in 3365 ms
2024-04-10 21:00:53.784 [main] INFO  com.zaxxer.hikari.HikariDataSource - HikariPool-1 - Starting...
2024-04-10 21:00:54.019 [main] INFO  com.zaxxer.hikari.HikariDataSource - HikariPool-1 - Start completed.
2024-04-10 21:00:54.888 [main] INFO  com.gitee.dbswitch.common.event.TaskEventHub - Create new EventHub: manualRun
2024-04-10 21:00:55.027 [main] INFO  org.quartz.impl.StdSchedulerFactory - Using default implementation for ThreadExecutor
2024-04-10 21:00:55.030 [main] INFO  org.quartz.simpl.SimpleThreadPool - Job execution threads will use class loader of thread: main
2024-04-10 21:00:55.043 [main] INFO  org.quartz.core.SchedulerSignalerImpl - Initialized Scheduler Signaller of type: class org.quartz.core.SchedulerSignalerImpl
2024-04-10 21:00:55.044 [main] INFO  org.quartz.core.QuartzScheduler - Quartz Scheduler v.2.3.2 created.
2024-04-10 21:00:55.056 [main] INFO  o.s.scheduling.quartz.LocalDataSourceJobStore - Using db table-based data access locking (synchronization).
2024-04-10 21:00:55.060 [main] INFO  o.s.scheduling.quartz.LocalDataSourceJobStore - JobStoreCMT initialized.
2024-04-10 21:00:55.061 [main] INFO  org.quartz.core.QuartzScheduler - Scheduler meta-data: Quartz Scheduler (v2.3.2) 'DBSwitch-Quartz-Scheduler' with instanceId 'DESKTOP-DNHP3T41712754055029'
  Scheduler class: 'org.quartz.core.QuartzScheduler' - running locally.
  NOT STARTED.
  Currently in standby mode.
  Number of jobs executed: 0
  Using thread pool 'org.quartz.simpl.SimpleThreadPool' - with 20 threads.
  Using job-store 'org.springframework.scheduling.quartz.LocalDataSourceJobStore' - which supports persistence. and is clustered.

2024-04-10 21:00:55.061 [main] INFO  org.quartz.impl.StdSchedulerFactory - Quartz scheduler 'DBSwitch-Quartz-Scheduler' initialized from an externally provided properties instance.
2024-04-10 21:00:55.061 [main] INFO  org.quartz.impl.StdSchedulerFactory - Quartz scheduler version: 2.3.2
2024-04-10 21:00:55.061 [main] INFO  org.quartz.core.QuartzScheduler - JobFactory set to: com.gitee.dbswitch.admin.config.QuartzConfig$AutowiringSpringBeanJobFactory@5e69cf07
2024-04-10 21:00:55.960 [main] INFO  o.s.scheduling.concurrent.ThreadPoolTaskExecutor - Initializing ExecutorService 'readerTaskExecutor'
2024-04-10 21:00:55.962 [main] INFO  o.s.scheduling.concurrent.ThreadPoolTaskExecutor - Initializing ExecutorService 'readerTaskExecutor'
2024-04-10 21:00:55.965 [main] INFO  o.s.scheduling.concurrent.ThreadPoolTaskExecutor - Initializing ExecutorService 'writerTaskExecutor'
2024-04-10 21:00:55.966 [main] INFO  o.s.scheduling.concurrent.ThreadPoolTaskExecutor - Initializing ExecutorService 'writerTaskExecutor'
2024-04-10 21:00:56.356 [main] INFO  c.g.d.p.register.ProductRegisterAutoConfiguration - Register database product now ...
2024-04-10 21:00:56.367 [main] INFO  com.gitee.dbswitch.provider.ProductProviderFactory - Register product KINGBASE by subclass :com.gitee.dbswitch.product.kingbase.KingbaseFactoryProvider 
2024-04-10 21:00:56.369 [main] INFO  com.gitee.dbswitch.provider.ProductProviderFactory - Register product POSTGRESQL by subclass :com.gitee.dbswitch.product.postgresql.PostgresFactoryProvider 
2024-04-10 21:00:56.371 [main] INFO  com.gitee.dbswitch.provider.ProductProviderFactory - Register product MYSQL by subclass :com.gitee.dbswitch.product.mysql.MysqlFactoryProvider 
2024-04-10 21:00:56.373 [main] INFO  com.gitee.dbswitch.provider.ProductProviderFactory - Register product SQLITE3 by subclass :com.gitee.dbswitch.product.sqlite.SqliteFactoryProvider 
2024-04-10 21:00:56.375 [main] INFO  com.gitee.dbswitch.provider.ProductProviderFactory - Register product OPENGAUSS by subclass :com.gitee.dbswitch.product.openguass.OpenGaussFactoryProvider 
2024-04-10 21:00:56.378 [main] INFO  com.gitee.dbswitch.provider.ProductProviderFactory - Register product ORACLE by subclass :com.gitee.dbswitch.product.oracle.OracleFactoryProvider 
2024-04-10 21:00:56.380 [main] INFO  com.gitee.dbswitch.provider.ProductProviderFactory - Register product DM by subclass :com.gitee.dbswitch.product.dm.DmFactoryProvider 
2024-04-10 21:00:56.383 [main] INFO  com.gitee.dbswitch.provider.ProductProviderFactory - Register product SYBASE by subclass :com.gitee.dbswitch.product.sybase.SybaseFactoryProvider 
2024-04-10 21:00:56.385 [main] INFO  com.gitee.dbswitch.provider.ProductProviderFactory - Register product HIGHGO by subclass :com.gitee.dbswitch.product.highgo.HighgoFactoryProvider 
2024-04-10 21:00:56.389 [main] INFO  com.gitee.dbswitch.provider.ProductProviderFactory - Register product HIVE by subclass :com.gitee.dbswitch.product.hive.HiveFactoryProvider 
2024-04-10 21:00:56.391 [main] INFO  com.gitee.dbswitch.provider.ProductProviderFactory - Register product ELASTICSEARCH by subclass :com.gitee.dbswitch.product.elasticsearch.ElasticsearchFactoryProvider 
2024-04-10 21:00:56.394 [main] INFO  com.gitee.dbswitch.provider.ProductProviderFactory - Register product GBASE8A by subclass :com.gitee.dbswitch.product.gbase.GbaseFactoryProvider 
2024-04-10 21:00:56.396 [main] INFO  com.gitee.dbswitch.provider.ProductProviderFactory - Register product MONGODB by subclass :com.gitee.dbswitch.product.mongodb.MongodbFactoryProvider 
2024-04-10 21:00:56.398 [main] INFO  com.gitee.dbswitch.provider.ProductProviderFactory - Register product DB2 by subclass :com.gitee.dbswitch.product.db2.DB2FactoryProvider 
2024-04-10 21:00:56.400 [main] INFO  com.gitee.dbswitch.provider.ProductProviderFactory - Register product MARIADB by subclass :com.gitee.dbswitch.product.mariadb.MariadbFactoryProvider 
2024-04-10 21:00:56.402 [main] INFO  com.gitee.dbswitch.provider.ProductProviderFactory - Register product OSCAR by subclass :com.gitee.dbswitch.product.oscar.OscarFactoryProvider 
2024-04-10 21:00:56.404 [main] INFO  com.gitee.dbswitch.provider.ProductProviderFactory - Register product SQLSERVER by subclass :com.gitee.dbswitch.product.sqlserver.SqlserverFactoryProvider 
2024-04-10 21:00:56.406 [main] INFO  com.gitee.dbswitch.provider.ProductProviderFactory - Register product CLICKHOUSE by subclass :com.gitee.dbswitch.product.clickhouse.ClickhouseFactoryProvider 
2024-04-10 21:00:56.407 [main] INFO  c.g.d.p.register.ProductRegisterAutoConfiguration - Finish to register total 18 database product !
2024-04-10 21:00:56.639 [main] INFO  org.flywaydb.core.internal.license.VersionPrinter - Flyway Community Edition 6.4.4 by Redgate
2024-04-10 21:00:56.688 [main] INFO  o.flywaydb.core.internal.database.DatabaseFactory - Database: jdbc:mysql://127.0.0.1:3306/dbswitch (MySQL 8.0)
2024-04-10 21:00:56.869 [main] INFO  org.flywaydb.core.internal.command.DbValidate - Successfully validated 14 migrations (execution time 00:00.110s)
2024-04-10 21:00:56.897 [main] INFO  org.flywaydb.core.internal.command.DbMigrate - Current version of schema `dbswitch`: 1.0.13
2024-04-10 21:00:56.900 [main] INFO  org.flywaydb.core.internal.command.DbMigrate - Schema `dbswitch` is up to date. No migration necessary.
2024-04-10 21:00:57.139 [main] INFO  o.s.scheduling.concurrent.ThreadPoolTaskScheduler - Initializing ExecutorService 'taskScheduler'
2024-04-10 21:00:57.202 [main] INFO  org.apache.coyote.http11.Http11NioProtocol - Starting ProtocolHandler ["http-nio-9088"]
2024-04-10 21:00:57.246 [main] INFO  o.s.boot.web.embedded.tomcat.TomcatWebServer - Tomcat started on port(s): 9088 (http) with context path ''
2024-04-10 21:00:57.588 [main] WARN  s.d.s.r.operation.OperationImplicitParameterReader - Unable to interpret the implicit parameter configuration with dataType: String, dataTypeClass: class java.lang.Void
2024-04-10 21:00:58.182 [main] INFO  o.s.scheduling.quartz.SchedulerFactoryBean - Starting Quartz Scheduler now
2024-04-10 21:00:58.216 [main] INFO  o.s.scheduling.quartz.LocalDataSourceJobStore - ClusterManager: detected 1 failed or restarted instances.
2024-04-10 21:00:58.217 [main] INFO  o.s.scheduling.quartz.LocalDataSourceJobStore - ClusterManager: Scanning for instance "DESKTOP-DNHP3T41712752273656"'s failed in-progress jobs.
2024-04-10 21:00:58.251 [main] INFO  org.quartz.core.QuartzScheduler - Scheduler DBSwitch-Quartz-Scheduler_$_DESKTOP-DNHP3T41712754055029 started.
2024-04-10 21:00:58.278 [main] INFO  com.gitee.dbswitch.admin.AdminApplication - Started AdminApplication in 9.003 seconds (JVM running for 10.651)
2024-04-10 21:00:58.287 [main] INFO  com.gitee.dbswitch.admin.service.DriverLoadService - Load driver for ClickHouse ,version:clickhouse-0.4.2,path:D:\Code\Gitee\IdeaProjects\dbswitch\drivers\clickhouse\clickhouse-0.4.2
2024-04-10 21:00:58.288 [main] INFO  com.gitee.dbswitch.admin.service.DriverLoadService - Load driver for DB2 ,version:db2-10.1,path:D:\Code\Gitee\IdeaProjects\dbswitch\drivers\db2\db2-10.1
2024-04-10 21:00:58.288 [main] INFO  com.gitee.dbswitch.admin.service.DriverLoadService - Load driver for DM ,version:dm-8,path:D:\Code\Gitee\IdeaProjects\dbswitch\drivers\dm\dm-8
2024-04-10 21:00:58.288 [main] INFO  com.gitee.dbswitch.admin.service.DriverLoadService - Load driver for ElasticSearch ,version:es-7.7.0,path:D:\Code\Gitee\IdeaProjects\dbswitch\drivers\elasticsearch\es-7.7.0
2024-04-10 21:00:58.289 [main] INFO  com.gitee.dbswitch.admin.service.DriverLoadService - Load driver for GBase8A ,version:gbase8a-8.6,path:D:\Code\Gitee\IdeaProjects\dbswitch\drivers\gbase8a\gbase8a-8.6
2024-04-10 21:00:58.289 [main] INFO  com.gitee.dbswitch.admin.service.DriverLoadService - Load driver for GBase8A ,version:gbase8a-9.5,path:D:\Code\Gitee\IdeaProjects\dbswitch\drivers\gbase8a\gbase8a-9.5
2024-04-10 21:00:58.289 [main] INFO  com.gitee.dbswitch.admin.service.DriverLoadService - Load driver for HighGo ,version:highgo-6.2.4,path:D:\Code\Gitee\IdeaProjects\dbswitch\drivers\highgo\highgo-6.2.4
2024-04-10 21:00:58.289 [main] INFO  com.gitee.dbswitch.admin.service.DriverLoadService - Load driver for Hive ,version:hive-3.1.2,path:D:\Code\Gitee\IdeaProjects\dbswitch\drivers\hive\hive-3.1.2
2024-04-10 21:00:58.290 [main] INFO  com.gitee.dbswitch.admin.service.DriverLoadService - Load driver for KingBase ,version:kingbase-v8r3,path:D:\Code\Gitee\IdeaProjects\dbswitch\drivers\kingbase\kingbase-v8r3
2024-04-10 21:00:58.290 [main] INFO  com.gitee.dbswitch.admin.service.DriverLoadService - Load driver for KingBase ,version:kingbase-v8r6,path:D:\Code\Gitee\IdeaProjects\dbswitch\drivers\kingbase\kingbase-v8r6
2024-04-10 21:00:58.290 [main] INFO  com.gitee.dbswitch.admin.service.DriverLoadService - Load driver for MariaDB ,version:mariadb-2.7,path:D:\Code\Gitee\IdeaProjects\dbswitch\drivers\mariadb\mariadb-2.7
2024-04-10 21:00:58.290 [main] INFO  com.gitee.dbswitch.admin.service.DriverLoadService - Load driver for MongoDB ,version:mongo-4.10,path:D:\Code\Gitee\IdeaProjects\dbswitch\drivers\mongodb\mongo-4.10
2024-04-10 21:00:58.291 [main] INFO  com.gitee.dbswitch.admin.service.DriverLoadService - Load driver for MySQL ,version:mysql-5,path:D:\Code\Gitee\IdeaProjects\dbswitch\drivers\mysql\mysql-5
2024-04-10 21:00:58.291 [main] INFO  com.gitee.dbswitch.admin.service.DriverLoadService - Load driver for MySQL ,version:mysql-8,path:D:\Code\Gitee\IdeaProjects\dbswitch\drivers\mysql\mysql-8
2024-04-10 21:00:58.292 [main] INFO  com.gitee.dbswitch.admin.service.DriverLoadService - Load driver for OpenGauss ,version:opengauss-3.0.0,path:D:\Code\Gitee\IdeaProjects\dbswitch\drivers\opengauss\opengauss-3.0.0
2024-04-10 21:00:58.292 [main] INFO  com.gitee.dbswitch.admin.service.DriverLoadService - Load driver for OpenGauss ,version:opengauss-5.0.0,path:D:\Code\Gitee\IdeaProjects\dbswitch\drivers\opengauss\opengauss-5.0.0
2024-04-10 21:00:58.292 [main] INFO  com.gitee.dbswitch.admin.service.DriverLoadService - Load driver for Oracle ,version:oracle-12c,path:D:\Code\Gitee\IdeaProjects\dbswitch\drivers\oracle\oracle-12c
2024-04-10 21:00:58.292 [main] INFO  com.gitee.dbswitch.admin.service.DriverLoadService - Load driver for Oscar ,version:oscar-8,path:D:\Code\Gitee\IdeaProjects\dbswitch\drivers\oscar\oscar-8
2024-04-10 21:00:58.293 [main] INFO  com.gitee.dbswitch.admin.service.DriverLoadService - Load driver for PostgreSql ,version:postgresql-11.4,path:D:\Code\Gitee\IdeaProjects\dbswitch\drivers\postgresql\postgresql-11.4
2024-04-10 21:00:58.293 [main] INFO  com.gitee.dbswitch.admin.service.DriverLoadService - Load driver for Sqlite3 ,version:sqlite-3.31,path:D:\Code\Gitee\IdeaProjects\dbswitch\drivers\sqlite3\sqlite-3.31
2024-04-10 21:00:58.293 [main] INFO  com.gitee.dbswitch.admin.service.DriverLoadService - Load driver for SqlServer ,version:sqlserver-6.4,path:D:\Code\Gitee\IdeaProjects\dbswitch\drivers\sqlserver\sqlserver-6.4
2024-04-10 21:00:58.293 [main] INFO  com.gitee.dbswitch.admin.service.DriverLoadService - Load driver for SqlServer ,version:sqlserver-7.2,path:D:\Code\Gitee\IdeaProjects\dbswitch\drivers\sqlserver\sqlserver-7.2
2024-04-10 21:00:58.293 [main] INFO  com.gitee.dbswitch.admin.service.DriverLoadService - Load driver for Sybase ,version:sybase-4,path:D:\Code\Gitee\IdeaProjects\dbswitch\drivers\sybase\sybase-4
2024-04-10 21:00:58.293 [main] INFO  com.gitee.dbswitch.admin.service.DriverLoadService - Finish load jdbc drivers from local path: D:\Code\Gitee\IdeaProjects\dbswitch\drivers
2024-04-10 21:00:58.456 [main] INFO  com.gitee.dbswitch.admin.service.JobLogbackService - Success to clean history job log for 30 days
2024-04-10 21:00:58.535 [main] INFO  com.gitee.dbswitch.admin.service.JobManagerService - Success to revise job status
2024-04-10 21:01:34.983 [http-nio-9088-exec-1] INFO  o.a.c.core.ContainerBase.[Tomcat].[localhost].[/] - Initializing Spring DispatcherServlet 'dispatcherServlet'
2024-04-10 21:01:34.983 [http-nio-9088-exec-1] INFO  org.springframework.web.servlet.DispatcherServlet - Initializing Servlet 'dispatcherServlet'
2024-04-10 21:01:34.996 [http-nio-9088-exec-1] INFO  org.springframework.web.servlet.DispatcherServlet - Completed initialization in 13 ms
2024-04-10 21:01:58.501 [SpringContextShutdownHook] INFO  org.quartz.core.QuartzScheduler - Scheduler DBSwitch-Quartz-Scheduler_$_DESKTOP-DNHP3T41712754055029 paused.
2024-04-10 21:03:45.795 [main] INFO  c.g.dbswitch.admin.logback.LogbackAppenderRegister - Success add and initialize appender of logback for class: com.gitee.dbswitch.data.service.MigrationService
2024-04-10 21:03:45.803 [main] INFO  c.g.dbswitch.admin.logback.LogbackAppenderRegister - Success add and initialize appender of logback for class: com.gitee.dbswitch.data.service.DefaultReaderRobot
2024-04-10 21:03:45.803 [main] INFO  c.g.dbswitch.admin.logback.LogbackAppenderRegister - Success add and initialize appender of logback for class: com.gitee.dbswitch.data.handler.ReaderTaskThread
2024-04-10 21:03:45.803 [main] INFO  c.g.dbswitch.admin.logback.LogbackAppenderRegister - Success add and initialize appender of logback for class: com.gitee.dbswitch.data.service.DefaultWriterRobot
2024-04-10 21:03:45.804 [main] INFO  c.g.dbswitch.admin.logback.LogbackAppenderRegister - Success add and initialize appender of logback for class: com.gitee.dbswitch.data.handler.WriterTaskThread
2024-04-10 21:03:45.804 [main] INFO  c.g.dbswitch.admin.logback.LogbackAppenderRegister - Success add and initialize appender of logback for class: com.gitee.dbswitch.common.util.MachineInfoUtils
2024-04-10 21:03:45.812 [main] INFO  com.gitee.dbswitch.admin.AdminApplication - Starting AdminApplication on DESKTOP-DNHP3T4 with PID 18004 (D:\Code\Gitee\IdeaProjects\dbswitch\dbswitch-admin\target\classes started by lizemin in D:\Code\Gitee\IdeaProjects\dbswitch)
2024-04-10 21:03:45.813 [main] INFO  com.gitee.dbswitch.admin.AdminApplication - No active profile set, falling back to default profiles: default
2024-04-10 21:03:47.426 [main] INFO  o.s.d.r.config.RepositoryConfigurationDelegate - Bootstrapping Spring Data JDBC repositories in DEFAULT mode.
2024-04-10 21:03:47.481 [main] INFO  o.s.d.r.config.RepositoryConfigurationDelegate - Finished Spring Data repository scanning in 47ms. Found 0 JDBC repository interfaces.
2024-04-10 21:03:48.468 [main] INFO  o.s.boot.web.embedded.tomcat.TomcatWebServer - Tomcat initialized with port(s): 9088 (http)
2024-04-10 21:03:48.493 [main] INFO  org.apache.coyote.http11.Http11NioProtocol - Initializing ProtocolHandler ["http-nio-9088"]
2024-04-10 21:03:48.494 [main] INFO  org.apache.catalina.core.StandardService - Starting service [Tomcat]
2024-04-10 21:03:48.494 [main] INFO  org.apache.catalina.core.StandardEngine - Starting Servlet engine: [Apache Tomcat/9.0.41]
2024-04-10 21:03:48.690 [main] INFO  o.a.c.core.ContainerBase.[Tomcat].[localhost].[/] - Initializing Spring embedded WebApplicationContext
2024-04-10 21:03:48.690 [main] INFO  o.s.b.w.s.c.ServletWebServerApplicationContext - Root WebApplicationContext: initialization completed in 2772 ms
2024-04-10 21:03:48.942 [main] INFO  com.zaxxer.hikari.HikariDataSource - HikariPool-1 - Starting...
2024-04-10 21:03:49.165 [main] INFO  com.zaxxer.hikari.HikariDataSource - HikariPool-1 - Start completed.
2024-04-10 21:03:50.041 [main] INFO  com.gitee.dbswitch.common.event.TaskEventHub - Create new EventHub: manualRun
2024-04-10 21:03:50.160 [main] INFO  org.quartz.impl.StdSchedulerFactory - Using default implementation for ThreadExecutor
2024-04-10 21:03:50.162 [main] INFO  org.quartz.simpl.SimpleThreadPool - Job execution threads will use class loader of thread: main
2024-04-10 21:03:50.174 [main] INFO  org.quartz.core.SchedulerSignalerImpl - Initialized Scheduler Signaller of type: class org.quartz.core.SchedulerSignalerImpl
2024-04-10 21:03:50.174 [main] INFO  org.quartz.core.QuartzScheduler - Quartz Scheduler v.2.3.2 created.
2024-04-10 21:03:50.185 [main] INFO  o.s.scheduling.quartz.LocalDataSourceJobStore - Using db table-based data access locking (synchronization).
2024-04-10 21:03:50.187 [main] INFO  o.s.scheduling.quartz.LocalDataSourceJobStore - JobStoreCMT initialized.
2024-04-10 21:03:50.189 [main] INFO  org.quartz.core.QuartzScheduler - Scheduler meta-data: Quartz Scheduler (v2.3.2) 'DBSwitch-Quartz-Scheduler' with instanceId 'DESKTOP-DNHP3T41712754230162'
  Scheduler class: 'org.quartz.core.QuartzScheduler' - running locally.
  NOT STARTED.
  Currently in standby mode.
  Number of jobs executed: 0
  Using thread pool 'org.quartz.simpl.SimpleThreadPool' - with 20 threads.
  Using job-store 'org.springframework.scheduling.quartz.LocalDataSourceJobStore' - which supports persistence. and is clustered.

2024-04-10 21:03:50.189 [main] INFO  org.quartz.impl.StdSchedulerFactory - Quartz scheduler 'DBSwitch-Quartz-Scheduler' initialized from an externally provided properties instance.
2024-04-10 21:03:50.189 [main] INFO  org.quartz.impl.StdSchedulerFactory - Quartz scheduler version: 2.3.2
2024-04-10 21:03:50.189 [main] INFO  org.quartz.core.QuartzScheduler - JobFactory set to: com.gitee.dbswitch.admin.config.QuartzConfig$AutowiringSpringBeanJobFactory@6c5747db
2024-04-10 21:03:50.780 [main] INFO  o.s.scheduling.concurrent.ThreadPoolTaskExecutor - Initializing ExecutorService 'readerTaskExecutor'
2024-04-10 21:03:50.782 [main] INFO  o.s.scheduling.concurrent.ThreadPoolTaskExecutor - Initializing ExecutorService 'readerTaskExecutor'
2024-04-10 21:03:50.785 [main] INFO  o.s.scheduling.concurrent.ThreadPoolTaskExecutor - Initializing ExecutorService 'writerTaskExecutor'
2024-04-10 21:03:50.785 [main] INFO  o.s.scheduling.concurrent.ThreadPoolTaskExecutor - Initializing ExecutorService 'writerTaskExecutor'
2024-04-10 21:03:51.191 [main] INFO  c.g.d.p.register.ProductRegisterAutoConfiguration - Register database product now ...
2024-04-10 21:03:51.200 [main] INFO  com.gitee.dbswitch.provider.ProductProviderFactory - Register product KINGBASE by subclass :com.gitee.dbswitch.product.kingbase.KingbaseFactoryProvider 
2024-04-10 21:03:51.204 [main] INFO  com.gitee.dbswitch.provider.ProductProviderFactory - Register product POSTGRESQL by subclass :com.gitee.dbswitch.product.postgresql.PostgresFactoryProvider 
2024-04-10 21:03:51.206 [main] INFO  com.gitee.dbswitch.provider.ProductProviderFactory - Register product MYSQL by subclass :com.gitee.dbswitch.product.mysql.MysqlFactoryProvider 
2024-04-10 21:03:51.209 [main] INFO  com.gitee.dbswitch.provider.ProductProviderFactory - Register product SQLITE3 by subclass :com.gitee.dbswitch.product.sqlite.SqliteFactoryProvider 
2024-04-10 21:03:51.211 [main] INFO  com.gitee.dbswitch.provider.ProductProviderFactory - Register product OPENGAUSS by subclass :com.gitee.dbswitch.product.openguass.OpenGaussFactoryProvider 
2024-04-10 21:03:51.214 [main] INFO  com.gitee.dbswitch.provider.ProductProviderFactory - Register product ORACLE by subclass :com.gitee.dbswitch.product.oracle.OracleFactoryProvider 
2024-04-10 21:03:51.217 [main] INFO  com.gitee.dbswitch.provider.ProductProviderFactory - Register product DM by subclass :com.gitee.dbswitch.product.dm.DmFactoryProvider 
2024-04-10 21:03:51.219 [main] INFO  com.gitee.dbswitch.provider.ProductProviderFactory - Register product SYBASE by subclass :com.gitee.dbswitch.product.sybase.SybaseFactoryProvider 
2024-04-10 21:03:51.222 [main] INFO  com.gitee.dbswitch.provider.ProductProviderFactory - Register product HIGHGO by subclass :com.gitee.dbswitch.product.highgo.HighgoFactoryProvider 
2024-04-10 21:03:51.225 [main] INFO  com.gitee.dbswitch.provider.ProductProviderFactory - Register product HIVE by subclass :com.gitee.dbswitch.product.hive.HiveFactoryProvider 
2024-04-10 21:03:51.228 [main] INFO  com.gitee.dbswitch.provider.ProductProviderFactory - Register product ELASTICSEARCH by subclass :com.gitee.dbswitch.product.elasticsearch.ElasticsearchFactoryProvider 
2024-04-10 21:03:51.231 [main] INFO  com.gitee.dbswitch.provider.ProductProviderFactory - Register product GBASE8A by subclass :com.gitee.dbswitch.product.gbase.GbaseFactoryProvider 
2024-04-10 21:03:51.234 [main] INFO  com.gitee.dbswitch.provider.ProductProviderFactory - Register product MONGODB by subclass :com.gitee.dbswitch.product.mongodb.MongodbFactoryProvider 
2024-04-10 21:03:51.237 [main] INFO  com.gitee.dbswitch.provider.ProductProviderFactory - Register product DB2 by subclass :com.gitee.dbswitch.product.db2.DB2FactoryProvider 
2024-04-10 21:03:51.241 [main] INFO  com.gitee.dbswitch.provider.ProductProviderFactory - Register product MARIADB by subclass :com.gitee.dbswitch.product.mariadb.MariadbFactoryProvider 
2024-04-10 21:03:51.246 [main] INFO  com.gitee.dbswitch.provider.ProductProviderFactory - Register product OSCAR by subclass :com.gitee.dbswitch.product.oscar.OscarFactoryProvider 
2024-04-10 21:03:51.249 [main] INFO  com.gitee.dbswitch.provider.ProductProviderFactory - Register product SQLSERVER by subclass :com.gitee.dbswitch.product.sqlserver.SqlserverFactoryProvider 
2024-04-10 21:03:51.253 [main] INFO  com.gitee.dbswitch.provider.ProductProviderFactory - Register product CLICKHOUSE by subclass :com.gitee.dbswitch.product.clickhouse.ClickhouseFactoryProvider 
2024-04-10 21:03:51.253 [main] INFO  c.g.d.p.register.ProductRegisterAutoConfiguration - Finish to register total 18 database product !
2024-04-10 21:03:51.407 [main] INFO  org.flywaydb.core.internal.license.VersionPrinter - Flyway Community Edition 6.4.4 by Redgate
2024-04-10 21:03:51.444 [main] INFO  o.flywaydb.core.internal.database.DatabaseFactory - Database: jdbc:mysql://127.0.0.1:3306/dbswitch (MySQL 8.0)
2024-04-10 21:03:51.547 [main] INFO  org.flywaydb.core.internal.command.DbValidate - Successfully validated 14 migrations (execution time 00:00.053s)
2024-04-10 21:03:51.564 [main] INFO  org.flywaydb.core.internal.command.DbMigrate - Current version of schema `dbswitch`: 1.0.13
2024-04-10 21:03:51.565 [main] INFO  org.flywaydb.core.internal.command.DbMigrate - Schema `dbswitch` is up to date. No migration necessary.
2024-04-10 21:03:51.731 [main] INFO  o.s.scheduling.concurrent.ThreadPoolTaskScheduler - Initializing ExecutorService 'taskScheduler'
2024-04-10 21:03:51.769 [main] INFO  org.apache.coyote.http11.Http11NioProtocol - Starting ProtocolHandler ["http-nio-9088"]
2024-04-10 21:03:51.801 [main] INFO  o.s.boot.web.embedded.tomcat.TomcatWebServer - Tomcat started on port(s): 9088 (http) with context path ''
2024-04-10 21:03:52.032 [main] WARN  s.d.s.r.operation.OperationImplicitParameterReader - Unable to interpret the implicit parameter configuration with dataType: String, dataTypeClass: class java.lang.Void
2024-04-10 21:03:52.341 [main] INFO  o.s.scheduling.quartz.SchedulerFactoryBean - Starting Quartz Scheduler now
2024-04-10 21:03:52.371 [main] INFO  o.s.scheduling.quartz.LocalDataSourceJobStore - ClusterManager: detected 1 failed or restarted instances.
2024-04-10 21:03:52.371 [main] INFO  o.s.scheduling.quartz.LocalDataSourceJobStore - ClusterManager: Scanning for instance "DESKTOP-DNHP3T41712754055029"'s failed in-progress jobs.
2024-04-10 21:03:52.402 [main] INFO  org.quartz.core.QuartzScheduler - Scheduler DBSwitch-Quartz-Scheduler_$_DESKTOP-DNHP3T41712754230162 started.
2024-04-10 21:03:52.430 [main] INFO  com.gitee.dbswitch.admin.AdminApplication - Started AdminApplication in 7.605 seconds (JVM running for 8.908)
2024-04-10 21:03:52.439 [main] INFO  com.gitee.dbswitch.admin.service.DriverLoadService - Load driver for ClickHouse ,version:clickhouse-0.4.2,path:D:\Code\Gitee\IdeaProjects\dbswitch\drivers\clickhouse\clickhouse-0.4.2
2024-04-10 21:03:52.440 [main] INFO  com.gitee.dbswitch.admin.service.DriverLoadService - Load driver for DB2 ,version:db2-10.1,path:D:\Code\Gitee\IdeaProjects\dbswitch\drivers\db2\db2-10.1
2024-04-10 21:03:52.440 [main] INFO  com.gitee.dbswitch.admin.service.DriverLoadService - Load driver for DM ,version:dm-8,path:D:\Code\Gitee\IdeaProjects\dbswitch\drivers\dm\dm-8
2024-04-10 21:03:52.440 [main] INFO  com.gitee.dbswitch.admin.service.DriverLoadService - Load driver for ElasticSearch ,version:es-7.7.0,path:D:\Code\Gitee\IdeaProjects\dbswitch\drivers\elasticsearch\es-7.7.0
2024-04-10 21:03:52.440 [main] INFO  com.gitee.dbswitch.admin.service.DriverLoadService - Load driver for GBase8A ,version:gbase8a-8.6,path:D:\Code\Gitee\IdeaProjects\dbswitch\drivers\gbase8a\gbase8a-8.6
2024-04-10 21:03:52.440 [main] INFO  com.gitee.dbswitch.admin.service.DriverLoadService - Load driver for GBase8A ,version:gbase8a-9.5,path:D:\Code\Gitee\IdeaProjects\dbswitch\drivers\gbase8a\gbase8a-9.5
2024-04-10 21:03:52.441 [main] INFO  com.gitee.dbswitch.admin.service.DriverLoadService - Load driver for HighGo ,version:highgo-6.2.4,path:D:\Code\Gitee\IdeaProjects\dbswitch\drivers\highgo\highgo-6.2.4
2024-04-10 21:03:52.441 [main] INFO  com.gitee.dbswitch.admin.service.DriverLoadService - Load driver for Hive ,version:hive-3.1.2,path:D:\Code\Gitee\IdeaProjects\dbswitch\drivers\hive\hive-3.1.2
2024-04-10 21:03:52.441 [main] INFO  com.gitee.dbswitch.admin.service.DriverLoadService - Load driver for KingBase ,version:kingbase-v8r3,path:D:\Code\Gitee\IdeaProjects\dbswitch\drivers\kingbase\kingbase-v8r3
2024-04-10 21:03:52.442 [main] INFO  com.gitee.dbswitch.admin.service.DriverLoadService - Load driver for KingBase ,version:kingbase-v8r6,path:D:\Code\Gitee\IdeaProjects\dbswitch\drivers\kingbase\kingbase-v8r6
2024-04-10 21:03:52.442 [main] INFO  com.gitee.dbswitch.admin.service.DriverLoadService - Load driver for MariaDB ,version:mariadb-2.7,path:D:\Code\Gitee\IdeaProjects\dbswitch\drivers\mariadb\mariadb-2.7
2024-04-10 21:03:52.442 [main] INFO  com.gitee.dbswitch.admin.service.DriverLoadService - Load driver for MongoDB ,version:mongo-4.10,path:D:\Code\Gitee\IdeaProjects\dbswitch\drivers\mongodb\mongo-4.10
2024-04-10 21:03:52.443 [main] INFO  com.gitee.dbswitch.admin.service.DriverLoadService - Load driver for MySQL ,version:mysql-5,path:D:\Code\Gitee\IdeaProjects\dbswitch\drivers\mysql\mysql-5
2024-04-10 21:03:52.443 [main] INFO  com.gitee.dbswitch.admin.service.DriverLoadService - Load driver for MySQL ,version:mysql-8,path:D:\Code\Gitee\IdeaProjects\dbswitch\drivers\mysql\mysql-8
2024-04-10 21:03:52.443 [main] INFO  com.gitee.dbswitch.admin.service.DriverLoadService - Load driver for OpenGauss ,version:opengauss-3.0.0,path:D:\Code\Gitee\IdeaProjects\dbswitch\drivers\opengauss\opengauss-3.0.0
2024-04-10 21:03:52.443 [main] INFO  com.gitee.dbswitch.admin.service.DriverLoadService - Load driver for OpenGauss ,version:opengauss-5.0.0,path:D:\Code\Gitee\IdeaProjects\dbswitch\drivers\opengauss\opengauss-5.0.0
2024-04-10 21:03:52.443 [main] INFO  com.gitee.dbswitch.admin.service.DriverLoadService - Load driver for Oracle ,version:oracle-12c,path:D:\Code\Gitee\IdeaProjects\dbswitch\drivers\oracle\oracle-12c
2024-04-10 21:03:52.444 [main] INFO  com.gitee.dbswitch.admin.service.DriverLoadService - Load driver for Oscar ,version:oscar-8,path:D:\Code\Gitee\IdeaProjects\dbswitch\drivers\oscar\oscar-8
2024-04-10 21:03:52.444 [main] INFO  com.gitee.dbswitch.admin.service.DriverLoadService - Load driver for PostgreSql ,version:postgresql-11.4,path:D:\Code\Gitee\IdeaProjects\dbswitch\drivers\postgresql\postgresql-11.4
2024-04-10 21:03:52.444 [main] INFO  com.gitee.dbswitch.admin.service.DriverLoadService - Load driver for Sqlite3 ,version:sqlite-3.31,path:D:\Code\Gitee\IdeaProjects\dbswitch\drivers\sqlite3\sqlite-3.31
2024-04-10 21:03:52.444 [main] INFO  com.gitee.dbswitch.admin.service.DriverLoadService - Load driver for SqlServer ,version:sqlserver-6.4,path:D:\Code\Gitee\IdeaProjects\dbswitch\drivers\sqlserver\sqlserver-6.4
2024-04-10 21:03:52.444 [main] INFO  com.gitee.dbswitch.admin.service.DriverLoadService - Load driver for SqlServer ,version:sqlserver-7.2,path:D:\Code\Gitee\IdeaProjects\dbswitch\drivers\sqlserver\sqlserver-7.2
2024-04-10 21:03:52.444 [main] INFO  com.gitee.dbswitch.admin.service.DriverLoadService - Load driver for Sybase ,version:sybase-4,path:D:\Code\Gitee\IdeaProjects\dbswitch\drivers\sybase\sybase-4
2024-04-10 21:03:52.445 [main] INFO  com.gitee.dbswitch.admin.service.DriverLoadService - Finish load jdbc drivers from local path: D:\Code\Gitee\IdeaProjects\dbswitch\drivers
2024-04-10 21:03:52.583 [main] INFO  com.gitee.dbswitch.admin.service.JobLogbackService - Success to clean history job log for 30 days
2024-04-10 21:03:52.665 [main] INFO  com.gitee.dbswitch.admin.service.JobManagerService - Success to revise job status
2024-04-10 21:04:19.837 [http-nio-9088-exec-1] INFO  o.a.c.core.ContainerBase.[Tomcat].[localhost].[/] - Initializing Spring DispatcherServlet 'dispatcherServlet'
2024-04-10 21:04:19.838 [http-nio-9088-exec-1] INFO  org.springframework.web.servlet.DispatcherServlet - Initializing Servlet 'dispatcherServlet'
2024-04-10 21:04:19.860 [http-nio-9088-exec-1] INFO  org.springframework.web.servlet.DispatcherServlet - Completed initialization in 21 ms
2024-04-10 21:18:54.025 [http-nio-9088-exec-5] INFO  com.gitee.dbswitch.data.util.DataSourceUtils - Create jar classLoader from path: D:\Code\Gitee\IdeaProjects\dbswitch\drivers\mysql\mysql-8
2024-04-10 21:47:03.093 [SpringContextShutdownHook] INFO  org.quartz.core.QuartzScheduler - Scheduler DBSwitch-Quartz-Scheduler_$_DESKTOP-DNHP3T41712754230162 paused.
